{"uid":"2bdb77e89a0b2a3e","name":"test_actualizar_usuario_last_name_invalido_excede_255_return_400","fullName":"test.customers.test_put_customer#test_actualizar_usuario_last_name_invalido_excede_255_return_400","historyId":"4ffe8f788849224c6b090d757c13d652","time":{"start":1763726887184,"stop":1763726887354,"duration":170},"status":"failed","statusMessage":"AssertionError: Expected status code 400, but got 200","statusTrace":"get_token = '1|vg6apiRKWYemyMbPcG6dGnYDqFnoZdjRVLvBWAzlc6096d1e'\ncustomer_teardown = [42]\n\n    @pytest.mark.negativas\n    @pytest.mark.regresion\n    @pytest.mark.actualizar_cliente\n    def test_actualizar_usuario_last_name_invalido_excede_255_return_400(get_token, customer_teardown):\n        response_create = CustomerHelper.create_random_customer(get_token)\n        assert_status_code_200(response_create)\n        cliente_id = response_create.json()[\"data\"][\"id\"]\n        customer_teardown.append(cliente_id)\n        actualizar_data = CustomerHelper.create_customer_data(first_name=None, last_name=\"L\"*256, email=None, gender=None, customer_group_id=1)\n        response = CustomerService.update_customer(get_token, cliente_id, actualizar_data)\n        assert_valid_schema(response.json(), CUSTOMER_EDIT_PAYLOAD_SCHEMA)\n>       assert_status_code_400(response)\n\ntest/customers/test_put_customer.py:101: \n_ _ _ _ _ _ _ _ _ _ _ _ _ _ _ _ _ _ _ _ _ _ _ _ _ _ _ _ _ _ _ _ _ _ _ _ _ _ _ _ \n\nresponse = <Response [200]>\n\n    def assert_status_code_400(response):\n>       assert response.status_code == 400, f\"Expected status code 400, but got {response.status_code}\"\n               ^^^^^^^^^^^^^^^^^^^^^^^^^^^\nE       AssertionError: Expected status code 400, but got 200\n\nsrc/assertions/status_code_assertion.py:11: AssertionError","flaky":false,"newFailed":false,"newBroken":false,"newPassed":false,"retriesCount":0,"retriesStatusChange":false,"beforeStages":[{"name":"_session_faker","time":{"start":1763726866972,"stop":1763726866973,"duration":1},"status":"passed","steps":[],"attachments":[],"parameters":[],"shouldDisplayMessage":false,"stepsCount":0,"attachmentsCount":0,"hasContent":false,"attachmentStep":false},{"name":"get_token","time":{"start":1763726866973,"stop":1763726867138,"duration":165},"status":"passed","steps":[],"attachments":[],"parameters":[],"shouldDisplayMessage":false,"stepsCount":0,"attachmentsCount":0,"hasContent":false,"attachmentStep":false},{"name":"customer_teardown","time":{"start":1763726887183,"stop":1763726887184,"duration":1},"status":"passed","steps":[],"attachments":[],"parameters":[],"shouldDisplayMessage":false,"stepsCount":0,"attachmentsCount":0,"hasContent":false,"attachmentStep":false}],"testStage":{"status":"failed","statusMessage":"AssertionError: Expected status code 400, but got 200","statusTrace":"get_token = '1|vg6apiRKWYemyMbPcG6dGnYDqFnoZdjRVLvBWAzlc6096d1e'\ncustomer_teardown = [42]\n\n    @pytest.mark.negativas\n    @pytest.mark.regresion\n    @pytest.mark.actualizar_cliente\n    def test_actualizar_usuario_last_name_invalido_excede_255_return_400(get_token, customer_teardown):\n        response_create = CustomerHelper.create_random_customer(get_token)\n        assert_status_code_200(response_create)\n        cliente_id = response_create.json()[\"data\"][\"id\"]\n        customer_teardown.append(cliente_id)\n        actualizar_data = CustomerHelper.create_customer_data(first_name=None, last_name=\"L\"*256, email=None, gender=None, customer_group_id=1)\n        response = CustomerService.update_customer(get_token, cliente_id, actualizar_data)\n        assert_valid_schema(response.json(), CUSTOMER_EDIT_PAYLOAD_SCHEMA)\n>       assert_status_code_400(response)\n\ntest/customers/test_put_customer.py:101: \n_ _ _ _ _ _ _ _ _ _ _ _ _ _ _ _ _ _ _ _ _ _ _ _ _ _ _ _ _ _ _ _ _ _ _ _ _ _ _ _ \n\nresponse = <Response [200]>\n\n    def assert_status_code_400(response):\n>       assert response.status_code == 400, f\"Expected status code 400, but got {response.status_code}\"\n               ^^^^^^^^^^^^^^^^^^^^^^^^^^^\nE       AssertionError: Expected status code 400, but got 200\n\nsrc/assertions/status_code_assertion.py:11: AssertionError","steps":[],"attachments":[{"uid":"18d341f27172a643","name":"log","source":"18d341f27172a643.txt","type":"text/plain","size":4535},{"uid":"5b1dc1b93de62dc1","name":"stderr","source":"5b1dc1b93de62dc1.txt","type":"text/plain","size":5302}],"parameters":[],"shouldDisplayMessage":true,"stepsCount":0,"attachmentsCount":2,"hasContent":true,"attachmentStep":false},"afterStages":[{"name":"customer_teardown::0","time":{"start":1763726887359,"stop":1763726887402,"duration":43},"status":"passed","steps":[],"attachments":[],"parameters":[],"shouldDisplayMessage":false,"stepsCount":0,"attachmentsCount":0,"hasContent":false,"attachmentStep":false}],"labels":[{"name":"tag","value":"actualizar_cliente"},{"name":"tag","value":"regresion"},{"name":"tag","value":"negativas"},{"name":"parentSuite","value":"test.customers"},{"name":"suite","value":"test_put_customer"},{"name":"host","value":"runnervmg1sw1"},{"name":"thread","value":"2943-MainThread"},{"name":"framework","value":"pytest"},{"name":"language","value":"cpython3"},{"name":"package","value":"test.customers.test_put_customer"},{"name":"resultFormat","value":"allure2"}],"parameters":[],"links":[],"hidden":false,"retry":false,"extra":{"severity":"normal","retries":[],"categories":[{"name":"Product defects","matchedStatuses":[]}],"tags":["actualizar_cliente","regresion","negativas"]},"source":"2bdb77e89a0b2a3e.json","parameterValues":[]}