{"uid":"3183b3a13d6842e2","name":"test_solicitar_sort_campo_inexistente_return_400","fullName":"test.groups.test_get_groups#test_solicitar_sort_campo_inexistente_return_400","historyId":"9ba5b63a54bcf52761db1bc650d9808b","time":{"start":1763677293714,"stop":1763677293978,"duration":264},"status":"failed","statusMessage":"AssertionError: Expected status code 400, but got 500","statusTrace":"get_token = '1|fPS1AgFANWi9I8ij9ds4TUPJgBt2zystqYOTXkDM4dba398e'\ncreate_5_groups = [<Response [200]>, <Response [200]>, <Response [200]>, <Response [200]>, <Response [200]>]\n\n    @pytest.mark.negativas\n    @pytest.mark.regresion\n    @pytest.mark.listar_grupos\n    def test_solicitar_sort_campo_inexistente_return_400(get_token, create_5_groups):\n        params = {\"sort\": \"no_valido\", \"order\": \"asc\"}\n        response = GroupService.get_all_groups(get_token, params=params)\n>       assert_status_code_400(response)\n\ntest/groups/test_get_groups.py:78: \n_ _ _ _ _ _ _ _ _ _ _ _ _ _ _ _ _ _ _ _ _ _ _ _ _ _ _ _ _ _ _ _ _ _ _ _ _ _ _ _ \n\nresponse = <Response [500]>\n\n    def assert_status_code_400(response):\n>       assert response.status_code == 400, f\"Expected status code 400, but got {response.status_code}\"\n               ^^^^^^^^^^^^^^^^^^^^^^^^^^^\nE       AssertionError: Expected status code 400, but got 500\n\nsrc/assertions/status_code_assertion.py:11: AssertionError","flaky":false,"newFailed":false,"newBroken":false,"newPassed":false,"retriesCount":0,"retriesStatusChange":false,"beforeStages":[{"name":"_session_faker","time":{"start":1763677266218,"stop":1763677266219,"duration":1},"status":"passed","steps":[],"attachments":[],"parameters":[],"shouldDisplayMessage":false,"stepsCount":0,"attachmentsCount":0,"hasContent":false,"attachmentStep":false},{"name":"get_token","time":{"start":1763677266219,"stop":1763677266391,"duration":172},"status":"passed","steps":[],"attachments":[],"parameters":[],"shouldDisplayMessage":false,"stepsCount":0,"attachmentsCount":0,"hasContent":false,"attachmentStep":false},{"name":"create_5_groups","time":{"start":1763677293025,"stop":1763677293267,"duration":242},"status":"passed","steps":[],"attachments":[],"parameters":[],"shouldDisplayMessage":false,"stepsCount":0,"attachmentsCount":0,"hasContent":false,"attachmentStep":false}],"testStage":{"status":"failed","statusMessage":"AssertionError: Expected status code 400, but got 500","statusTrace":"get_token = '1|fPS1AgFANWi9I8ij9ds4TUPJgBt2zystqYOTXkDM4dba398e'\ncreate_5_groups = [<Response [200]>, <Response [200]>, <Response [200]>, <Response [200]>, <Response [200]>]\n\n    @pytest.mark.negativas\n    @pytest.mark.regresion\n    @pytest.mark.listar_grupos\n    def test_solicitar_sort_campo_inexistente_return_400(get_token, create_5_groups):\n        params = {\"sort\": \"no_valido\", \"order\": \"asc\"}\n        response = GroupService.get_all_groups(get_token, params=params)\n>       assert_status_code_400(response)\n\ntest/groups/test_get_groups.py:78: \n_ _ _ _ _ _ _ _ _ _ _ _ _ _ _ _ _ _ _ _ _ _ _ _ _ _ _ _ _ _ _ _ _ _ _ _ _ _ _ _ \n\nresponse = <Response [500]>\n\n    def assert_status_code_400(response):\n>       assert response.status_code == 400, f\"Expected status code 400, but got {response.status_code}\"\n               ^^^^^^^^^^^^^^^^^^^^^^^^^^^\nE       AssertionError: Expected status code 400, but got 500\n\nsrc/assertions/status_code_assertion.py:11: AssertionError","steps":[],"attachments":[{"uid":"4f3da3a947a4ac16","name":"log","source":"4f3da3a947a4ac16.txt","type":"text/plain","size":539664},{"uid":"c352dece49eafee6","name":"stderr","source":"c352dece49eafee6.txt","type":"text/plain","size":539825}],"parameters":[],"shouldDisplayMessage":true,"stepsCount":0,"attachmentsCount":2,"hasContent":true,"attachmentStep":false},"afterStages":[{"name":"create_5_groups::0","time":{"start":1763677302385,"stop":1763677302948,"duration":563},"status":"passed","steps":[],"attachments":[],"parameters":[],"shouldDisplayMessage":false,"stepsCount":0,"attachmentsCount":0,"hasContent":false,"attachmentStep":false}],"labels":[{"name":"tag","value":"listar_grupos"},{"name":"tag","value":"regresion"},{"name":"tag","value":"negativas"},{"name":"parentSuite","value":"test.groups"},{"name":"suite","value":"test_get_groups"},{"name":"host","value":"runnervmg1sw1"},{"name":"thread","value":"2941-MainThread"},{"name":"framework","value":"pytest"},{"name":"language","value":"cpython3"},{"name":"package","value":"test.groups.test_get_groups"},{"name":"resultFormat","value":"allure2"}],"parameters":[],"links":[],"hidden":false,"retry":false,"extra":{"severity":"normal","retries":[],"categories":[{"name":"Product defects","matchedStatuses":[]}],"tags":["listar_grupos","regresion","negativas"]},"source":"3183b3a13d6842e2.json","parameterValues":[]}