{"uid":"31c513525b717c0e","name":"test_solicitar_limit_negativo_return_400","fullName":"test.groups.test_get_groups#test_solicitar_limit_negativo_return_400","historyId":"20ac1c22d5024c9b99517e20cf139cf1","time":{"start":1763586394990,"stop":1763586395239,"duration":249},"status":"failed","statusMessage":"AssertionError: Expected status code 400, but got 500","statusTrace":"get_token = '1|b2tQc3oXNlAWHeJ6YOAyvibnncQC6XcrnJsocXjtc4b61425'\n\n    @pytest.mark.listar_grupos\n    @pytest.mark.negativas\n    @pytest.mark.regresion\n    def test_solicitar_limit_negativo_return_400(get_token):\n        params = { \"limit\": -5 }\n        response = GroupService.get_all_groups(get_token, params=params)\n>       assert_status_code_400(response)\n\ntest/groups/test_get_groups.py:112: \n_ _ _ _ _ _ _ _ _ _ _ _ _ _ _ _ _ _ _ _ _ _ _ _ _ _ _ _ _ _ _ _ _ _ _ _ _ _ _ _ \n\nresponse = <Response [500]>\n\n    def assert_status_code_400(response):\n>       assert response.status_code == 400, f\"Expected status code 400, but got {response.status_code}\"\n               ^^^^^^^^^^^^^^^^^^^^^^^^^^^\nE       AssertionError: Expected status code 400, but got 500\n\nsrc/assertions/status_code_assertion.py:11: AssertionError","flaky":false,"newFailed":false,"newBroken":false,"newPassed":false,"retriesCount":0,"retriesStatusChange":false,"beforeStages":[{"name":"_session_faker","time":{"start":1763586365638,"stop":1763586365706,"duration":68},"status":"passed","steps":[],"attachments":[],"parameters":[],"shouldDisplayMessage":false,"stepsCount":0,"attachmentsCount":0,"hasContent":false,"attachmentStep":false},{"name":"get_token","time":{"start":1763586365706,"stop":1763586365871,"duration":165},"status":"passed","steps":[],"attachments":[],"parameters":[],"shouldDisplayMessage":false,"stepsCount":0,"attachmentsCount":0,"hasContent":false,"attachmentStep":false}],"testStage":{"status":"failed","statusMessage":"AssertionError: Expected status code 400, but got 500","statusTrace":"get_token = '1|b2tQc3oXNlAWHeJ6YOAyvibnncQC6XcrnJsocXjtc4b61425'\n\n    @pytest.mark.listar_grupos\n    @pytest.mark.negativas\n    @pytest.mark.regresion\n    def test_solicitar_limit_negativo_return_400(get_token):\n        params = { \"limit\": -5 }\n        response = GroupService.get_all_groups(get_token, params=params)\n>       assert_status_code_400(response)\n\ntest/groups/test_get_groups.py:112: \n_ _ _ _ _ _ _ _ _ _ _ _ _ _ _ _ _ _ _ _ _ _ _ _ _ _ _ _ _ _ _ _ _ _ _ _ _ _ _ _ \n\nresponse = <Response [500]>\n\n    def assert_status_code_400(response):\n>       assert response.status_code == 400, f\"Expected status code 400, but got {response.status_code}\"\n               ^^^^^^^^^^^^^^^^^^^^^^^^^^^\nE       AssertionError: Expected status code 400, but got 500\n\nsrc/assertions/status_code_assertion.py:11: AssertionError","steps":[],"attachments":[{"uid":"a2696c4b84b8322e","name":"log","source":"a2696c4b84b8322e.txt","type":"text/plain","size":542739},{"uid":"2586673b62bd989b","name":"stderr","source":"2586673b62bd989b.txt","type":"text/plain","size":542900}],"parameters":[],"shouldDisplayMessage":true,"stepsCount":0,"attachmentsCount":2,"hasContent":true,"attachmentStep":false},"afterStages":[],"labels":[{"name":"tag","value":"regresion"},{"name":"tag","value":"negativas"},{"name":"tag","value":"listar_grupos"},{"name":"parentSuite","value":"test.groups"},{"name":"suite","value":"test_get_groups"},{"name":"host","value":"runnervmg1sw1"},{"name":"thread","value":"2952-MainThread"},{"name":"framework","value":"pytest"},{"name":"language","value":"cpython3"},{"name":"package","value":"test.groups.test_get_groups"},{"name":"resultFormat","value":"allure2"}],"parameters":[],"links":[],"hidden":false,"retry":false,"extra":{"severity":"normal","retries":[],"categories":[{"name":"Product defects","matchedStatuses":[]}],"tags":["listar_grupos","regresion","negativas"]},"source":"31c513525b717c0e.json","parameterValues":[]}