{"uid":"405a091816bc8ba1","name":"test_verificar_que_no_se_actualice_grupo_si_name_vacio","fullName":"test.groups.test_put_group#test_verificar_que_no_se_actualice_grupo_si_name_vacio","historyId":"e82860b49c9463b37ef7a09621af0c88","time":{"start":1763737160400,"stop":1763737161590,"duration":1190},"status":"failed","statusMessage":"AssertionError: Expected status code 400, but got 200","statusTrace":"get_token = '1|A3UY0YWpRXAPj0eVjI09xa4es7UQw6Pne0jBDENy2e35350b'\ngroup_teardown = [27]\n\n    @pytest.mark.negativas\n    @pytest.mark.regresion\n    @pytest.mark.actualizar_grupo\n    def test_verificar_que_no_se_actualice_grupo_si_name_vacio(get_token, group_teardown):\n        grupo_creado = GroupHelper.create_random_group(get_token)\n        assert_status_code_200(grupo_creado)\n        time.sleep(1)\n        grupo_original = grupo_creado.json()[\"data\"][\"name\"]\n        grupo_id = grupo_creado.json()[\"data\"][\"id\"]\n        group_teardown.append(grupo_id)\n        grupo_datos = {\n            \"code\": \"\"\n        }\n        response = GroupService.update_group(get_token, grupo_id, grupo_datos)\n>       assert_status_code_400(response)\n\ntest/groups/test_put_group.py:108: \n_ _ _ _ _ _ _ _ _ _ _ _ _ _ _ _ _ _ _ _ _ _ _ _ _ _ _ _ _ _ _ _ _ _ _ _ _ _ _ _ \n\nresponse = <Response [200]>\n\n    def assert_status_code_400(response):\n>       assert response.status_code == 400, f\"Expected status code 400, but got {response.status_code}\"\n               ^^^^^^^^^^^^^^^^^^^^^^^^^^^\nE       AssertionError: Expected status code 400, but got 200\n\nsrc/assertions/status_code_assertion.py:11: AssertionError","flaky":false,"newFailed":false,"newBroken":false,"newPassed":false,"retriesCount":0,"retriesStatusChange":false,"beforeStages":[{"name":"_session_faker","time":{"start":1763737125697,"stop":1763737125698,"duration":1},"status":"passed","steps":[],"attachments":[],"parameters":[],"shouldDisplayMessage":false,"stepsCount":0,"attachmentsCount":0,"hasContent":false,"attachmentStep":false},{"name":"get_token","time":{"start":1763737125698,"stop":1763737125861,"duration":163},"status":"passed","steps":[],"attachments":[],"parameters":[],"shouldDisplayMessage":false,"stepsCount":0,"attachmentsCount":0,"hasContent":false,"attachmentStep":false},{"name":"group_teardown","time":{"start":1763737160400,"stop":1763737160400,"duration":0},"status":"passed","steps":[],"attachments":[],"parameters":[],"shouldDisplayMessage":false,"stepsCount":0,"attachmentsCount":0,"hasContent":false,"attachmentStep":false}],"testStage":{"status":"failed","statusMessage":"AssertionError: Expected status code 400, but got 200","statusTrace":"get_token = '1|A3UY0YWpRXAPj0eVjI09xa4es7UQw6Pne0jBDENy2e35350b'\ngroup_teardown = [27]\n\n    @pytest.mark.negativas\n    @pytest.mark.regresion\n    @pytest.mark.actualizar_grupo\n    def test_verificar_que_no_se_actualice_grupo_si_name_vacio(get_token, group_teardown):\n        grupo_creado = GroupHelper.create_random_group(get_token)\n        assert_status_code_200(grupo_creado)\n        time.sleep(1)\n        grupo_original = grupo_creado.json()[\"data\"][\"name\"]\n        grupo_id = grupo_creado.json()[\"data\"][\"id\"]\n        group_teardown.append(grupo_id)\n        grupo_datos = {\n            \"code\": \"\"\n        }\n        response = GroupService.update_group(get_token, grupo_id, grupo_datos)\n>       assert_status_code_400(response)\n\ntest/groups/test_put_group.py:108: \n_ _ _ _ _ _ _ _ _ _ _ _ _ _ _ _ _ _ _ _ _ _ _ _ _ _ _ _ _ _ _ _ _ _ _ _ _ _ _ _ \n\nresponse = <Response [200]>\n\n    def assert_status_code_400(response):\n>       assert response.status_code == 400, f\"Expected status code 400, but got {response.status_code}\"\n               ^^^^^^^^^^^^^^^^^^^^^^^^^^^\nE       AssertionError: Expected status code 400, but got 200\n\nsrc/assertions/status_code_assertion.py:11: AssertionError","steps":[],"attachments":[{"uid":"65b1a7534aa2dffd","name":"log","source":"65b1a7534aa2dffd.txt","type":"text/plain","size":2359},{"uid":"ee6b9f1933abfb4e","name":"stderr","source":"ee6b9f1933abfb4e.txt","type":"text/plain","size":2953}],"parameters":[],"shouldDisplayMessage":true,"stepsCount":0,"attachmentsCount":2,"hasContent":true,"attachmentStep":false},"afterStages":[{"name":"group_teardown::0","time":{"start":1763737161594,"stop":1763737161638,"duration":44},"status":"passed","steps":[],"attachments":[],"parameters":[],"shouldDisplayMessage":false,"stepsCount":0,"attachmentsCount":0,"hasContent":false,"attachmentStep":false}],"labels":[{"name":"tag","value":"actualizar_grupo"},{"name":"tag","value":"regresion"},{"name":"tag","value":"negativas"},{"name":"parentSuite","value":"test.groups"},{"name":"suite","value":"test_put_group"},{"name":"host","value":"runnervmg1sw1"},{"name":"thread","value":"2938-MainThread"},{"name":"framework","value":"pytest"},{"name":"language","value":"cpython3"},{"name":"package","value":"test.groups.test_put_group"},{"name":"resultFormat","value":"allure2"}],"parameters":[],"links":[],"hidden":false,"retry":false,"extra":{"severity":"normal","retries":[],"categories":[{"name":"Product defects","matchedStatuses":[]}],"tags":["regresion","actualizar_grupo","negativas"]},"source":"405a091816bc8ba1.json","parameterValues":[]}