{"uid":"45eacf96493a2d02","name":"test_actualizar_usuario_first_name_invalido_excede_255_return_400","fullName":"test.customers.test_put_customer#test_actualizar_usuario_first_name_invalido_excede_255_return_400","historyId":"a815bd5ab5ad09beba6aad10904dd280","time":{"start":1763737144910,"stop":1763737145074,"duration":164},"status":"failed","statusMessage":"AssertionError: Expected status code 400, but got 200","statusTrace":"get_token = '1|A3UY0YWpRXAPj0eVjI09xa4es7UQw6Pne0jBDENy2e35350b'\ncustomer_teardown = [41]\n\n    @pytest.mark.negativas\n    @pytest.mark.regresion\n    @pytest.mark.actualizar_cliente\n    def test_actualizar_usuario_first_name_invalido_excede_255_return_400(get_token, customer_teardown):\n        response_create = CustomerHelper.create_random_customer(get_token)\n        assert_status_code_200(response_create)\n        cliente_id = response_create.json()[\"data\"][\"id\"]\n        customer_teardown.append(cliente_id)\n        actualizar_data = CustomerHelper.create_customer_data(first_name=\"A\"*260, last_name=None, email=None, gender=None, customer_group_id=1)\n        response = CustomerService.update_customer(get_token, cliente_id, actualizar_data)\n        assert_valid_schema(response.json(), CUSTOMER_EDIT_PAYLOAD_SCHEMA)\n>       assert_status_code_400(response)\n\ntest/customers/test_put_customer.py:88: \n_ _ _ _ _ _ _ _ _ _ _ _ _ _ _ _ _ _ _ _ _ _ _ _ _ _ _ _ _ _ _ _ _ _ _ _ _ _ _ _ \n\nresponse = <Response [200]>\n\n    def assert_status_code_400(response):\n>       assert response.status_code == 400, f\"Expected status code 400, but got {response.status_code}\"\n               ^^^^^^^^^^^^^^^^^^^^^^^^^^^\nE       AssertionError: Expected status code 400, but got 200\n\nsrc/assertions/status_code_assertion.py:11: AssertionError","flaky":false,"newFailed":false,"newBroken":false,"newPassed":false,"retriesCount":0,"retriesStatusChange":false,"beforeStages":[{"name":"_session_faker","time":{"start":1763737125697,"stop":1763737125698,"duration":1},"status":"passed","steps":[],"attachments":[],"parameters":[],"shouldDisplayMessage":false,"stepsCount":0,"attachmentsCount":0,"hasContent":false,"attachmentStep":false},{"name":"get_token","time":{"start":1763737125698,"stop":1763737125861,"duration":163},"status":"passed","steps":[],"attachments":[],"parameters":[],"shouldDisplayMessage":false,"stepsCount":0,"attachmentsCount":0,"hasContent":false,"attachmentStep":false},{"name":"customer_teardown","time":{"start":1763737144910,"stop":1763737144910,"duration":0},"status":"passed","steps":[],"attachments":[],"parameters":[],"shouldDisplayMessage":false,"stepsCount":0,"attachmentsCount":0,"hasContent":false,"attachmentStep":false}],"testStage":{"status":"failed","statusMessage":"AssertionError: Expected status code 400, but got 200","statusTrace":"get_token = '1|A3UY0YWpRXAPj0eVjI09xa4es7UQw6Pne0jBDENy2e35350b'\ncustomer_teardown = [41]\n\n    @pytest.mark.negativas\n    @pytest.mark.regresion\n    @pytest.mark.actualizar_cliente\n    def test_actualizar_usuario_first_name_invalido_excede_255_return_400(get_token, customer_teardown):\n        response_create = CustomerHelper.create_random_customer(get_token)\n        assert_status_code_200(response_create)\n        cliente_id = response_create.json()[\"data\"][\"id\"]\n        customer_teardown.append(cliente_id)\n        actualizar_data = CustomerHelper.create_customer_data(first_name=\"A\"*260, last_name=None, email=None, gender=None, customer_group_id=1)\n        response = CustomerService.update_customer(get_token, cliente_id, actualizar_data)\n        assert_valid_schema(response.json(), CUSTOMER_EDIT_PAYLOAD_SCHEMA)\n>       assert_status_code_400(response)\n\ntest/customers/test_put_customer.py:88: \n_ _ _ _ _ _ _ _ _ _ _ _ _ _ _ _ _ _ _ _ _ _ _ _ _ _ _ _ _ _ _ _ _ _ _ _ _ _ _ _ \n\nresponse = <Response [200]>\n\n    def assert_status_code_400(response):\n>       assert response.status_code == 400, f\"Expected status code 400, but got {response.status_code}\"\n               ^^^^^^^^^^^^^^^^^^^^^^^^^^^\nE       AssertionError: Expected status code 400, but got 200\n\nsrc/assertions/status_code_assertion.py:11: AssertionError","steps":[],"attachments":[{"uid":"e8cb5aa0c342a6b3","name":"log","source":"e8cb5aa0c342a6b3.txt","type":"text/plain","size":3028},{"uid":"433fc0791dec5b08","name":"stderr","source":"433fc0791dec5b08.txt","type":"text/plain","size":3725}],"parameters":[],"shouldDisplayMessage":true,"stepsCount":0,"attachmentsCount":2,"hasContent":true,"attachmentStep":false},"afterStages":[{"name":"customer_teardown::0","time":{"start":1763737145079,"stop":1763737145123,"duration":44},"status":"passed","steps":[],"attachments":[],"parameters":[],"shouldDisplayMessage":false,"stepsCount":0,"attachmentsCount":0,"hasContent":false,"attachmentStep":false}],"labels":[{"name":"tag","value":"actualizar_cliente"},{"name":"tag","value":"regresion"},{"name":"tag","value":"negativas"},{"name":"parentSuite","value":"test.customers"},{"name":"suite","value":"test_put_customer"},{"name":"host","value":"runnervmg1sw1"},{"name":"thread","value":"2938-MainThread"},{"name":"framework","value":"pytest"},{"name":"language","value":"cpython3"},{"name":"package","value":"test.customers.test_put_customer"},{"name":"resultFormat","value":"allure2"}],"parameters":[],"links":[],"hidden":false,"retry":false,"extra":{"severity":"normal","retries":[],"categories":[{"name":"Product defects","matchedStatuses":[]}],"tags":["actualizar_cliente","regresion","negativas"]},"source":"45eacf96493a2d02.json","parameterValues":[]}