{"uid":"480937aaffb5d03d","name":"test_verificar_que_no_se_actualice_grupo_si_name_vacio","fullName":"test.groups.test_put_group#test_verificar_que_no_se_actualice_grupo_si_name_vacio","historyId":"e82860b49c9463b37ef7a09621af0c88","time":{"start":1763677300650,"stop":1763677301857,"duration":1207},"status":"failed","statusMessage":"AssertionError: Expected status code 400, but got 200","statusTrace":"get_token = '1|fPS1AgFANWi9I8ij9ds4TUPJgBt2zystqYOTXkDM4dba398e'\ngroup_teardown = [27]\n\n    @pytest.mark.negativas\n    @pytest.mark.regresion\n    @pytest.mark.actualizar_grupo\n    def test_verificar_que_no_se_actualice_grupo_si_name_vacio(get_token, group_teardown):\n        grupo_creado = GroupHelper.create_random_group(get_token)\n        assert_status_code_200(grupo_creado)\n        time.sleep(1)\n        grupo_original = grupo_creado.json()[\"data\"][\"name\"]\n        grupo_id = grupo_creado.json()[\"data\"][\"id\"]\n        group_teardown.append(grupo_id)\n        grupo_datos = {\n            \"code\": \"\"\n        }\n        response = GroupService.update_group(get_token, grupo_id, grupo_datos)\n>       assert_status_code_400(response)\n\ntest/groups/test_put_group.py:108: \n_ _ _ _ _ _ _ _ _ _ _ _ _ _ _ _ _ _ _ _ _ _ _ _ _ _ _ _ _ _ _ _ _ _ _ _ _ _ _ _ \n\nresponse = <Response [200]>\n\n    def assert_status_code_400(response):\n>       assert response.status_code == 400, f\"Expected status code 400, but got {response.status_code}\"\n               ^^^^^^^^^^^^^^^^^^^^^^^^^^^\nE       AssertionError: Expected status code 400, but got 200\n\nsrc/assertions/status_code_assertion.py:11: AssertionError","flaky":false,"newFailed":false,"newBroken":false,"newPassed":false,"retriesCount":0,"retriesStatusChange":false,"beforeStages":[{"name":"_session_faker","time":{"start":1763677266218,"stop":1763677266219,"duration":1},"status":"passed","steps":[],"attachments":[],"parameters":[],"shouldDisplayMessage":false,"stepsCount":0,"attachmentsCount":0,"hasContent":false,"attachmentStep":false},{"name":"get_token","time":{"start":1763677266219,"stop":1763677266391,"duration":172},"status":"passed","steps":[],"attachments":[],"parameters":[],"shouldDisplayMessage":false,"stepsCount":0,"attachmentsCount":0,"hasContent":false,"attachmentStep":false},{"name":"group_teardown","time":{"start":1763677300650,"stop":1763677300650,"duration":0},"status":"passed","steps":[],"attachments":[],"parameters":[],"shouldDisplayMessage":false,"stepsCount":0,"attachmentsCount":0,"hasContent":false,"attachmentStep":false}],"testStage":{"status":"failed","statusMessage":"AssertionError: Expected status code 400, but got 200","statusTrace":"get_token = '1|fPS1AgFANWi9I8ij9ds4TUPJgBt2zystqYOTXkDM4dba398e'\ngroup_teardown = [27]\n\n    @pytest.mark.negativas\n    @pytest.mark.regresion\n    @pytest.mark.actualizar_grupo\n    def test_verificar_que_no_se_actualice_grupo_si_name_vacio(get_token, group_teardown):\n        grupo_creado = GroupHelper.create_random_group(get_token)\n        assert_status_code_200(grupo_creado)\n        time.sleep(1)\n        grupo_original = grupo_creado.json()[\"data\"][\"name\"]\n        grupo_id = grupo_creado.json()[\"data\"][\"id\"]\n        group_teardown.append(grupo_id)\n        grupo_datos = {\n            \"code\": \"\"\n        }\n        response = GroupService.update_group(get_token, grupo_id, grupo_datos)\n>       assert_status_code_400(response)\n\ntest/groups/test_put_group.py:108: \n_ _ _ _ _ _ _ _ _ _ _ _ _ _ _ _ _ _ _ _ _ _ _ _ _ _ _ _ _ _ _ _ _ _ _ _ _ _ _ _ \n\nresponse = <Response [200]>\n\n    def assert_status_code_400(response):\n>       assert response.status_code == 400, f\"Expected status code 400, but got {response.status_code}\"\n               ^^^^^^^^^^^^^^^^^^^^^^^^^^^\nE       AssertionError: Expected status code 400, but got 200\n\nsrc/assertions/status_code_assertion.py:11: AssertionError","steps":[],"attachments":[{"uid":"eb0783f6e74e3eca","name":"log","source":"eb0783f6e74e3eca.txt","type":"text/plain","size":315515},{"uid":"52f34a7d88c4515","name":"stderr","source":"52f34a7d88c4515.txt","type":"text/plain","size":316180}],"parameters":[],"shouldDisplayMessage":true,"stepsCount":0,"attachmentsCount":2,"hasContent":true,"attachmentStep":false},"afterStages":[{"name":"group_teardown::0","time":{"start":1763677301862,"stop":1763677301904,"duration":42},"status":"passed","steps":[],"attachments":[],"parameters":[],"shouldDisplayMessage":false,"stepsCount":0,"attachmentsCount":0,"hasContent":false,"attachmentStep":false}],"labels":[{"name":"tag","value":"actualizar_grupo"},{"name":"tag","value":"regresion"},{"name":"tag","value":"negativas"},{"name":"parentSuite","value":"test.groups"},{"name":"suite","value":"test_put_group"},{"name":"host","value":"runnervmg1sw1"},{"name":"thread","value":"2941-MainThread"},{"name":"framework","value":"pytest"},{"name":"language","value":"cpython3"},{"name":"package","value":"test.groups.test_put_group"},{"name":"resultFormat","value":"allure2"}],"parameters":[],"links":[],"hidden":false,"retry":false,"extra":{"severity":"normal","retries":[],"categories":[{"name":"Product defects","matchedStatuses":[]}],"tags":["regresion","actualizar_grupo","negativas"]},"source":"480937aaffb5d03d.json","parameterValues":[]}