{"uid":"6544602a6fe43f48","name":"test_solicitar_limit_negativo_return_400","fullName":"test.groups.test_get_groups#test_solicitar_limit_negativo_return_400","historyId":"20ac1c22d5024c9b99517e20cf139cf1","time":{"start":1763737153904,"stop":1763737154234,"duration":330},"status":"failed","statusMessage":"AssertionError: Expected status code 400, but got 500","statusTrace":"get_token = '1|A3UY0YWpRXAPj0eVjI09xa4es7UQw6Pne0jBDENy2e35350b'\n\n    @pytest.mark.listar_grupos\n    @pytest.mark.negativas\n    @pytest.mark.regresion\n    def test_solicitar_limit_negativo_return_400(get_token):\n        params = { \"limit\": -5 }\n        response = GroupService.get_all_groups(get_token, params=params)\n>       assert_status_code_400(response)\n\ntest/groups/test_get_groups.py:112: \n_ _ _ _ _ _ _ _ _ _ _ _ _ _ _ _ _ _ _ _ _ _ _ _ _ _ _ _ _ _ _ _ _ _ _ _ _ _ _ _ \n\nresponse = <Response [500]>\n\n    def assert_status_code_400(response):\n>       assert response.status_code == 400, f\"Expected status code 400, but got {response.status_code}\"\n               ^^^^^^^^^^^^^^^^^^^^^^^^^^^\nE       AssertionError: Expected status code 400, but got 500\n\nsrc/assertions/status_code_assertion.py:11: AssertionError","flaky":false,"newFailed":false,"newBroken":false,"newPassed":false,"retriesCount":0,"retriesStatusChange":false,"beforeStages":[{"name":"_session_faker","time":{"start":1763737125697,"stop":1763737125698,"duration":1},"status":"passed","steps":[],"attachments":[],"parameters":[],"shouldDisplayMessage":false,"stepsCount":0,"attachmentsCount":0,"hasContent":false,"attachmentStep":false},{"name":"get_token","time":{"start":1763737125698,"stop":1763737125861,"duration":163},"status":"passed","steps":[],"attachments":[],"parameters":[],"shouldDisplayMessage":false,"stepsCount":0,"attachmentsCount":0,"hasContent":false,"attachmentStep":false}],"testStage":{"status":"failed","statusMessage":"AssertionError: Expected status code 400, but got 500","statusTrace":"get_token = '1|A3UY0YWpRXAPj0eVjI09xa4es7UQw6Pne0jBDENy2e35350b'\n\n    @pytest.mark.listar_grupos\n    @pytest.mark.negativas\n    @pytest.mark.regresion\n    def test_solicitar_limit_negativo_return_400(get_token):\n        params = { \"limit\": -5 }\n        response = GroupService.get_all_groups(get_token, params=params)\n>       assert_status_code_400(response)\n\ntest/groups/test_get_groups.py:112: \n_ _ _ _ _ _ _ _ _ _ _ _ _ _ _ _ _ _ _ _ _ _ _ _ _ _ _ _ _ _ _ _ _ _ _ _ _ _ _ _ \n\nresponse = <Response [500]>\n\n    def assert_status_code_400(response):\n>       assert response.status_code == 400, f\"Expected status code 400, but got {response.status_code}\"\n               ^^^^^^^^^^^^^^^^^^^^^^^^^^^\nE       AssertionError: Expected status code 400, but got 500\n\nsrc/assertions/status_code_assertion.py:11: AssertionError","steps":[],"attachments":[{"uid":"a6cba064b9be403f","name":"log","source":"a6cba064b9be403f.txt","type":"text/plain","size":667},{"uid":"bb3bfeb9f9ec62e7","name":"stderr","source":"bb3bfeb9f9ec62e7.txt","type":"text/plain","size":805}],"parameters":[],"shouldDisplayMessage":true,"stepsCount":0,"attachmentsCount":2,"hasContent":true,"attachmentStep":false},"afterStages":[],"labels":[{"name":"tag","value":"regresion"},{"name":"tag","value":"negativas"},{"name":"tag","value":"listar_grupos"},{"name":"parentSuite","value":"test.groups"},{"name":"suite","value":"test_get_groups"},{"name":"host","value":"runnervmg1sw1"},{"name":"thread","value":"2938-MainThread"},{"name":"framework","value":"pytest"},{"name":"language","value":"cpython3"},{"name":"package","value":"test.groups.test_get_groups"},{"name":"resultFormat","value":"allure2"}],"parameters":[],"links":[],"hidden":false,"retry":false,"extra":{"severity":"normal","retries":[],"categories":[{"name":"Product defects","matchedStatuses":[]}],"tags":["listar_grupos","regresion","negativas"]},"source":"6544602a6fe43f48.json","parameterValues":[]}