{"uid":"689f6b90245c39dd","name":"test_solicitar_sort_campo_inexistente_return_400","fullName":"test.groups.test_get_groups#test_solicitar_sort_campo_inexistente_return_400","historyId":"9ba5b63a54bcf52761db1bc650d9808b","time":{"start":1763275414134,"stop":1763275414490,"duration":356},"status":"failed","statusMessage":"AssertionError: Expected status code 400, but got 500","statusTrace":"get_token = '1|CqUOsOKVbeBRF7o0YPQqR0muic2RlJl19repKhOvdb95f616'\ncreate_5_groups = [<Response [200]>, <Response [200]>, <Response [200]>, <Response [200]>, <Response [200]>]\n\n    @pytest.mark.negativas\n    @pytest.mark.regresion\n    @pytest.mark.listar_grupos\n    def test_solicitar_sort_campo_inexistente_return_400(get_token, create_5_groups):\n        url = f\"{Endpoint.BASE_GROUP.value}?sort=no_valido&order=asc\"\n        response = BagistoRequest.get(url, headers=get_auth_headers(get_token))\n>       assert_status_code_400(response)\n\ntest/groups/test_get_groups.py:88: \n_ _ _ _ _ _ _ _ _ _ _ _ _ _ _ _ _ _ _ _ _ _ _ _ _ _ _ _ _ _ _ _ _ _ _ _ _ _ _ _ \n\nresponse = <Response [500]>\n\n    def assert_status_code_400(response):\n>       assert response.status_code == 400, f\"Expected status code 400, but got {response.status_code}\"\n               ^^^^^^^^^^^^^^^^^^^^^^^^^^^\nE       AssertionError: Expected status code 400, but got 500\n\nsrc/assertions/status_code_assertion.py:11: AssertionError","flaky":false,"newFailed":false,"newBroken":false,"newPassed":false,"retriesCount":0,"retriesStatusChange":false,"beforeStages":[{"name":"_session_faker","time":{"start":1763275388210,"stop":1763275388277,"duration":67},"status":"passed","steps":[],"attachments":[],"parameters":[],"shouldDisplayMessage":false,"stepsCount":0,"attachmentsCount":0,"hasContent":false,"attachmentStep":false},{"name":"get_token","time":{"start":1763275388277,"stop":1763275388440,"duration":163},"status":"passed","steps":[],"attachments":[],"parameters":[],"shouldDisplayMessage":false,"stepsCount":0,"attachmentsCount":0,"hasContent":false,"attachmentStep":false},{"name":"create_5_groups","time":{"start":1763275413420,"stop":1763275413630,"duration":210},"status":"passed","steps":[],"attachments":[],"parameters":[],"shouldDisplayMessage":false,"stepsCount":0,"attachmentsCount":0,"hasContent":false,"attachmentStep":false}],"testStage":{"status":"failed","statusMessage":"AssertionError: Expected status code 400, but got 500","statusTrace":"get_token = '1|CqUOsOKVbeBRF7o0YPQqR0muic2RlJl19repKhOvdb95f616'\ncreate_5_groups = [<Response [200]>, <Response [200]>, <Response [200]>, <Response [200]>, <Response [200]>]\n\n    @pytest.mark.negativas\n    @pytest.mark.regresion\n    @pytest.mark.listar_grupos\n    def test_solicitar_sort_campo_inexistente_return_400(get_token, create_5_groups):\n        url = f\"{Endpoint.BASE_GROUP.value}?sort=no_valido&order=asc\"\n        response = BagistoRequest.get(url, headers=get_auth_headers(get_token))\n>       assert_status_code_400(response)\n\ntest/groups/test_get_groups.py:88: \n_ _ _ _ _ _ _ _ _ _ _ _ _ _ _ _ _ _ _ _ _ _ _ _ _ _ _ _ _ _ _ _ _ _ _ _ _ _ _ _ \n\nresponse = <Response [500]>\n\n    def assert_status_code_400(response):\n>       assert response.status_code == 400, f\"Expected status code 400, but got {response.status_code}\"\n               ^^^^^^^^^^^^^^^^^^^^^^^^^^^\nE       AssertionError: Expected status code 400, but got 500\n\nsrc/assertions/status_code_assertion.py:11: AssertionError","steps":[],"attachments":[{"uid":"837c72e773cab680","name":"log","source":"837c72e773cab680.txt","type":"text/plain","size":542355},{"uid":"5df304ccf16dfd22","name":"stderr","source":"5df304ccf16dfd22.txt","type":"text/plain","size":542486}],"parameters":[],"shouldDisplayMessage":true,"stepsCount":0,"attachmentsCount":2,"hasContent":true,"attachmentStep":false},"afterStages":[{"name":"create_5_groups::0","time":{"start":1763275423580,"stop":1763275423782,"duration":202},"status":"passed","steps":[],"attachments":[],"parameters":[],"shouldDisplayMessage":false,"stepsCount":0,"attachmentsCount":0,"hasContent":false,"attachmentStep":false}],"labels":[{"name":"tag","value":"listar_grupos"},{"name":"tag","value":"regresion"},{"name":"tag","value":"negativas"},{"name":"parentSuite","value":"test.groups"},{"name":"suite","value":"test_get_groups"},{"name":"host","value":"runnervmg1sw1"},{"name":"thread","value":"2922-MainThread"},{"name":"framework","value":"pytest"},{"name":"language","value":"cpython3"},{"name":"package","value":"test.groups.test_get_groups"},{"name":"resultFormat","value":"allure2"}],"parameters":[],"links":[],"hidden":false,"retry":false,"extra":{"severity":"normal","retries":[],"categories":[{"name":"Product defects","matchedStatuses":[]}],"tags":["listar_grupos","regresion","negativas"]},"source":"689f6b90245c39dd.json","parameterValues":[]}