{"uid":"6fe31bb48732a913","name":"test_solicitar_sort_campo_inexistente_return_400","fullName":"test.groups.test_get_groups#test_solicitar_sort_campo_inexistente_return_400","historyId":"9ba5b63a54bcf52761db1bc650d9808b","time":{"start":1763726895775,"stop":1763726896020,"duration":245},"status":"failed","statusMessage":"AssertionError: Expected status code 400, but got 500","statusTrace":"get_token = '1|vg6apiRKWYemyMbPcG6dGnYDqFnoZdjRVLvBWAzlc6096d1e'\ncreate_5_groups = [<Response [200]>, <Response [200]>, <Response [200]>, <Response [200]>, <Response [200]>]\n\n    @pytest.mark.negativas\n    @pytest.mark.regresion\n    @pytest.mark.listar_grupos\n    def test_solicitar_sort_campo_inexistente_return_400(get_token, create_5_groups):\n        params = {\"sort\": \"no_valido\", \"order\": \"asc\"}\n        response = GroupService.get_all_groups(get_token, params=params)\n>       assert_status_code_400(response)\n\ntest/groups/test_get_groups.py:78: \n_ _ _ _ _ _ _ _ _ _ _ _ _ _ _ _ _ _ _ _ _ _ _ _ _ _ _ _ _ _ _ _ _ _ _ _ _ _ _ _ \n\nresponse = <Response [500]>\n\n    def assert_status_code_400(response):\n>       assert response.status_code == 400, f\"Expected status code 400, but got {response.status_code}\"\n               ^^^^^^^^^^^^^^^^^^^^^^^^^^^\nE       AssertionError: Expected status code 400, but got 500\n\nsrc/assertions/status_code_assertion.py:11: AssertionError","flaky":false,"newFailed":false,"newBroken":false,"newPassed":false,"retriesCount":0,"retriesStatusChange":false,"beforeStages":[{"name":"_session_faker","time":{"start":1763726866972,"stop":1763726866973,"duration":1},"status":"passed","steps":[],"attachments":[],"parameters":[],"shouldDisplayMessage":false,"stepsCount":0,"attachmentsCount":0,"hasContent":false,"attachmentStep":false},{"name":"get_token","time":{"start":1763726866973,"stop":1763726867138,"duration":165},"status":"passed","steps":[],"attachments":[],"parameters":[],"shouldDisplayMessage":false,"stepsCount":0,"attachmentsCount":0,"hasContent":false,"attachmentStep":false},{"name":"create_5_groups","time":{"start":1763726895044,"stop":1763726895268,"duration":224},"status":"passed","steps":[],"attachments":[],"parameters":[],"shouldDisplayMessage":false,"stepsCount":0,"attachmentsCount":0,"hasContent":false,"attachmentStep":false}],"testStage":{"status":"failed","statusMessage":"AssertionError: Expected status code 400, but got 500","statusTrace":"get_token = '1|vg6apiRKWYemyMbPcG6dGnYDqFnoZdjRVLvBWAzlc6096d1e'\ncreate_5_groups = [<Response [200]>, <Response [200]>, <Response [200]>, <Response [200]>, <Response [200]>]\n\n    @pytest.mark.negativas\n    @pytest.mark.regresion\n    @pytest.mark.listar_grupos\n    def test_solicitar_sort_campo_inexistente_return_400(get_token, create_5_groups):\n        params = {\"sort\": \"no_valido\", \"order\": \"asc\"}\n        response = GroupService.get_all_groups(get_token, params=params)\n>       assert_status_code_400(response)\n\ntest/groups/test_get_groups.py:78: \n_ _ _ _ _ _ _ _ _ _ _ _ _ _ _ _ _ _ _ _ _ _ _ _ _ _ _ _ _ _ _ _ _ _ _ _ _ _ _ _ \n\nresponse = <Response [500]>\n\n    def assert_status_code_400(response):\n>       assert response.status_code == 400, f\"Expected status code 400, but got {response.status_code}\"\n               ^^^^^^^^^^^^^^^^^^^^^^^^^^^\nE       AssertionError: Expected status code 400, but got 500\n\nsrc/assertions/status_code_assertion.py:11: AssertionError","steps":[],"attachments":[{"uid":"b79a76cbbb341e30","name":"log","source":"b79a76cbbb341e30.txt","type":"text/plain","size":539656},{"uid":"20af651cd9b54b25","name":"stderr","source":"20af651cd9b54b25.txt","type":"text/plain","size":539817}],"parameters":[],"shouldDisplayMessage":true,"stepsCount":0,"attachmentsCount":2,"hasContent":true,"attachmentStep":false},"afterStages":[{"name":"create_5_groups::0","time":{"start":1763726904436,"stop":1763726905179,"duration":743},"status":"passed","steps":[],"attachments":[],"parameters":[],"shouldDisplayMessage":false,"stepsCount":0,"attachmentsCount":0,"hasContent":false,"attachmentStep":false}],"labels":[{"name":"tag","value":"listar_grupos"},{"name":"tag","value":"regresion"},{"name":"tag","value":"negativas"},{"name":"parentSuite","value":"test.groups"},{"name":"suite","value":"test_get_groups"},{"name":"host","value":"runnervmg1sw1"},{"name":"thread","value":"2943-MainThread"},{"name":"framework","value":"pytest"},{"name":"language","value":"cpython3"},{"name":"package","value":"test.groups.test_get_groups"},{"name":"resultFormat","value":"allure2"}],"parameters":[],"links":[],"hidden":false,"retry":false,"extra":{"severity":"normal","retries":[],"categories":[{"name":"Product defects","matchedStatuses":[]}],"tags":["listar_grupos","regresion","negativas"]},"source":"6fe31bb48732a913.json","parameterValues":[]}