{"uid":"72d57e6527f4ac","name":"test_eliminar_grupo_con_token_expirado_return_401","fullName":"test.groups.test_delete_group#test_eliminar_grupo_con_token_expirado_return_401","historyId":"b6ac1b975c99b5f9aa6e5ef8c89cdd9e","time":{"start":1762920684318,"stop":1762920684414,"duration":96},"status":"failed","statusMessage":"AssertionError: Expected status code 401, but got 500","statusTrace":"@pytest.mark.eliminar_grupo\n    def test_eliminar_grupo_con_token_expirado_return_401():\n        url = Endpoint.BASE_GROUP.value\n        response = BagistoRequest.get(url, headers=get_auth_headers(\"20|65468485548484488481\"))\n>       assert_status_code_401(response)\n\ntest/groups/test_delete_group.py:43: \n_ _ _ _ _ _ _ _ _ _ _ _ _ _ _ _ _ _ _ _ _ _ _ _ _ _ _ _ _ _ _ _ _ _ _ _ _ _ _ _ \n\nresponse = <Response [500]>\n\n    def assert_status_code_401(response):\n>       assert response.status_code == 401, f\"Expected status code 401, but got {response.status_code}\"\n               ^^^^^^^^^^^^^^^^^^^^^^^^^^^\nE       AssertionError: Expected status code 401, but got 500\n\nsrc/assertions/status_code_assertion.py:8: AssertionError","flaky":false,"newFailed":false,"newBroken":false,"newPassed":false,"retriesCount":0,"retriesStatusChange":false,"beforeStages":[{"name":"_session_faker","time":{"start":1762920663464,"stop":1762920663531,"duration":67},"status":"passed","steps":[],"attachments":[],"parameters":[],"shouldDisplayMessage":false,"stepsCount":0,"attachmentsCount":0,"hasContent":false,"attachmentStep":false}],"testStage":{"status":"failed","statusMessage":"AssertionError: Expected status code 401, but got 500","statusTrace":"@pytest.mark.eliminar_grupo\n    def test_eliminar_grupo_con_token_expirado_return_401():\n        url = Endpoint.BASE_GROUP.value\n        response = BagistoRequest.get(url, headers=get_auth_headers(\"20|65468485548484488481\"))\n>       assert_status_code_401(response)\n\ntest/groups/test_delete_group.py:43: \n_ _ _ _ _ _ _ _ _ _ _ _ _ _ _ _ _ _ _ _ _ _ _ _ _ _ _ _ _ _ _ _ _ _ _ _ _ _ _ _ \n\nresponse = <Response [500]>\n\n    def assert_status_code_401(response):\n>       assert response.status_code == 401, f\"Expected status code 401, but got {response.status_code}\"\n               ^^^^^^^^^^^^^^^^^^^^^^^^^^^\nE       AssertionError: Expected status code 401, but got 500\n\nsrc/assertions/status_code_assertion.py:8: AssertionError","steps":[],"attachments":[{"uid":"cb0b6da91be7c2f5","name":"log","source":"cb0b6da91be7c2f5.txt","type":"text/plain","size":363674},{"uid":"cb6bf770e86cdd5a","name":"stderr","source":"cb6bf770e86cdd5a.txt","type":"text/plain","size":363739}],"parameters":[],"shouldDisplayMessage":true,"stepsCount":0,"attachmentsCount":2,"hasContent":true,"attachmentStep":false},"afterStages":[],"labels":[{"name":"tag","value":"eliminar_grupo"},{"name":"parentSuite","value":"test.groups"},{"name":"suite","value":"test_delete_group"},{"name":"host","value":"runnervmw9dnm"},{"name":"thread","value":"2903-MainThread"},{"name":"framework","value":"pytest"},{"name":"language","value":"cpython3"},{"name":"package","value":"test.groups.test_delete_group"},{"name":"resultFormat","value":"allure2"}],"parameters":[],"links":[],"hidden":false,"retry":false,"extra":{"severity":"normal","retries":[],"categories":[{"name":"Product defects","matchedStatuses":[]}],"tags":["eliminar_grupo"]},"source":"72d57e6527f4ac.json","parameterValues":[]}