{"uid":"948d6641168a5ad4","name":"test_actualizar_usuario_last_name_invalido_excede_255_return_400","fullName":"test.customers.test_put_customer#test_actualizar_usuario_last_name_invalido_excede_255_return_400","historyId":"4ffe8f788849224c6b090d757c13d652","time":{"start":1763737145125,"stop":1763737145287,"duration":162},"status":"failed","statusMessage":"AssertionError: Expected status code 400, but got 200","statusTrace":"get_token = '1|A3UY0YWpRXAPj0eVjI09xa4es7UQw6Pne0jBDENy2e35350b'\ncustomer_teardown = [42]\n\n    @pytest.mark.negativas\n    @pytest.mark.regresion\n    @pytest.mark.actualizar_cliente\n    def test_actualizar_usuario_last_name_invalido_excede_255_return_400(get_token, customer_teardown):\n        response_create = CustomerHelper.create_random_customer(get_token)\n        assert_status_code_200(response_create)\n        cliente_id = response_create.json()[\"data\"][\"id\"]\n        customer_teardown.append(cliente_id)\n        actualizar_data = CustomerHelper.create_customer_data(first_name=None, last_name=\"L\"*256, email=None, gender=None, customer_group_id=1)\n        response = CustomerService.update_customer(get_token, cliente_id, actualizar_data)\n        assert_valid_schema(response.json(), CUSTOMER_EDIT_PAYLOAD_SCHEMA)\n>       assert_status_code_400(response)\n\ntest/customers/test_put_customer.py:101: \n_ _ _ _ _ _ _ _ _ _ _ _ _ _ _ _ _ _ _ _ _ _ _ _ _ _ _ _ _ _ _ _ _ _ _ _ _ _ _ _ \n\nresponse = <Response [200]>\n\n    def assert_status_code_400(response):\n>       assert response.status_code == 400, f\"Expected status code 400, but got {response.status_code}\"\n               ^^^^^^^^^^^^^^^^^^^^^^^^^^^\nE       AssertionError: Expected status code 400, but got 200\n\nsrc/assertions/status_code_assertion.py:11: AssertionError","flaky":false,"newFailed":false,"newBroken":false,"newPassed":false,"retriesCount":0,"retriesStatusChange":false,"beforeStages":[{"name":"_session_faker","time":{"start":1763737125697,"stop":1763737125698,"duration":1},"status":"passed","steps":[],"attachments":[],"parameters":[],"shouldDisplayMessage":false,"stepsCount":0,"attachmentsCount":0,"hasContent":false,"attachmentStep":false},{"name":"get_token","time":{"start":1763737125698,"stop":1763737125861,"duration":163},"status":"passed","steps":[],"attachments":[],"parameters":[],"shouldDisplayMessage":false,"stepsCount":0,"attachmentsCount":0,"hasContent":false,"attachmentStep":false},{"name":"customer_teardown","time":{"start":1763737145125,"stop":1763737145125,"duration":0},"status":"passed","steps":[],"attachments":[],"parameters":[],"shouldDisplayMessage":false,"stepsCount":0,"attachmentsCount":0,"hasContent":false,"attachmentStep":false}],"testStage":{"status":"failed","statusMessage":"AssertionError: Expected status code 400, but got 200","statusTrace":"get_token = '1|A3UY0YWpRXAPj0eVjI09xa4es7UQw6Pne0jBDENy2e35350b'\ncustomer_teardown = [42]\n\n    @pytest.mark.negativas\n    @pytest.mark.regresion\n    @pytest.mark.actualizar_cliente\n    def test_actualizar_usuario_last_name_invalido_excede_255_return_400(get_token, customer_teardown):\n        response_create = CustomerHelper.create_random_customer(get_token)\n        assert_status_code_200(response_create)\n        cliente_id = response_create.json()[\"data\"][\"id\"]\n        customer_teardown.append(cliente_id)\n        actualizar_data = CustomerHelper.create_customer_data(first_name=None, last_name=\"L\"*256, email=None, gender=None, customer_group_id=1)\n        response = CustomerService.update_customer(get_token, cliente_id, actualizar_data)\n        assert_valid_schema(response.json(), CUSTOMER_EDIT_PAYLOAD_SCHEMA)\n>       assert_status_code_400(response)\n\ntest/customers/test_put_customer.py:101: \n_ _ _ _ _ _ _ _ _ _ _ _ _ _ _ _ _ _ _ _ _ _ _ _ _ _ _ _ _ _ _ _ _ _ _ _ _ _ _ _ \n\nresponse = <Response [200]>\n\n    def assert_status_code_400(response):\n>       assert response.status_code == 400, f\"Expected status code 400, but got {response.status_code}\"\n               ^^^^^^^^^^^^^^^^^^^^^^^^^^^\nE       AssertionError: Expected status code 400, but got 200\n\nsrc/assertions/status_code_assertion.py:11: AssertionError","steps":[],"attachments":[{"uid":"e3e308b553628923","name":"log","source":"e3e308b553628923.txt","type":"text/plain","size":3051},{"uid":"82afa62ce35cb8bb","name":"stderr","source":"82afa62ce35cb8bb.txt","type":"text/plain","size":3748}],"parameters":[],"shouldDisplayMessage":true,"stepsCount":0,"attachmentsCount":2,"hasContent":true,"attachmentStep":false},"afterStages":[{"name":"customer_teardown::0","time":{"start":1763737145292,"stop":1763737145334,"duration":42},"status":"passed","steps":[],"attachments":[],"parameters":[],"shouldDisplayMessage":false,"stepsCount":0,"attachmentsCount":0,"hasContent":false,"attachmentStep":false}],"labels":[{"name":"tag","value":"actualizar_cliente"},{"name":"tag","value":"regresion"},{"name":"tag","value":"negativas"},{"name":"parentSuite","value":"test.customers"},{"name":"suite","value":"test_put_customer"},{"name":"host","value":"runnervmg1sw1"},{"name":"thread","value":"2938-MainThread"},{"name":"framework","value":"pytest"},{"name":"language","value":"cpython3"},{"name":"package","value":"test.customers.test_put_customer"},{"name":"resultFormat","value":"allure2"}],"parameters":[],"links":[],"hidden":false,"retry":false,"extra":{"severity":"normal","retries":[],"categories":[{"name":"Product defects","matchedStatuses":[]}],"tags":["actualizar_cliente","regresion","negativas"]},"source":"948d6641168a5ad4.json","parameterValues":[]}