{"uid":"9aa6598eb12e546f","name":"test_eliminar_grupo_con_token_expirado_return_401","fullName":"test.groups.test_delete_group#test_eliminar_grupo_con_token_expirado_return_401","historyId":"b6ac1b975c99b5f9aa6e5ef8c89cdd9e","time":{"start":1763275409037,"stop":1763275409145,"duration":108},"status":"failed","statusMessage":"AssertionError: Expected status code 401, but got 500","statusTrace":"@pytest.mark.negativas\n    @pytest.mark.humo\n    @pytest.mark.eliminar_grupo\n    def test_eliminar_grupo_con_token_expirado_return_401():\n        url = Endpoint.BASE_GROUP.value\n        response = BagistoRequest.get(url, headers=get_auth_headers(\"20|65468485548484488481\"))\n>       assert_status_code_401(response)\n\ntest/groups/test_delete_group.py:49: \n_ _ _ _ _ _ _ _ _ _ _ _ _ _ _ _ _ _ _ _ _ _ _ _ _ _ _ _ _ _ _ _ _ _ _ _ _ _ _ _ \n\nresponse = <Response [500]>\n\n    def assert_status_code_401(response):\n>       assert response.status_code == 401, f\"Expected status code 401, but got {response.status_code}\"\n               ^^^^^^^^^^^^^^^^^^^^^^^^^^^\nE       AssertionError: Expected status code 401, but got 500\n\nsrc/assertions/status_code_assertion.py:8: AssertionError","flaky":false,"newFailed":false,"newBroken":false,"newPassed":false,"retriesCount":0,"retriesStatusChange":false,"beforeStages":[{"name":"_session_faker","time":{"start":1763275388210,"stop":1763275388277,"duration":67},"status":"passed","steps":[],"attachments":[],"parameters":[],"shouldDisplayMessage":false,"stepsCount":0,"attachmentsCount":0,"hasContent":false,"attachmentStep":false}],"testStage":{"status":"failed","statusMessage":"AssertionError: Expected status code 401, but got 500","statusTrace":"@pytest.mark.negativas\n    @pytest.mark.humo\n    @pytest.mark.eliminar_grupo\n    def test_eliminar_grupo_con_token_expirado_return_401():\n        url = Endpoint.BASE_GROUP.value\n        response = BagistoRequest.get(url, headers=get_auth_headers(\"20|65468485548484488481\"))\n>       assert_status_code_401(response)\n\ntest/groups/test_delete_group.py:49: \n_ _ _ _ _ _ _ _ _ _ _ _ _ _ _ _ _ _ _ _ _ _ _ _ _ _ _ _ _ _ _ _ _ _ _ _ _ _ _ _ \n\nresponse = <Response [500]>\n\n    def assert_status_code_401(response):\n>       assert response.status_code == 401, f\"Expected status code 401, but got {response.status_code}\"\n               ^^^^^^^^^^^^^^^^^^^^^^^^^^^\nE       AssertionError: Expected status code 401, but got 500\n\nsrc/assertions/status_code_assertion.py:8: AssertionError","steps":[],"attachments":[{"uid":"33171491a4c92f59","name":"log","source":"33171491a4c92f59.txt","type":"text/plain","size":363913},{"uid":"7f7d23e9b6640e99","name":"stderr","source":"7f7d23e9b6640e99.txt","type":"text/plain","size":364044}],"parameters":[],"shouldDisplayMessage":true,"stepsCount":0,"attachmentsCount":2,"hasContent":true,"attachmentStep":false},"afterStages":[],"labels":[{"name":"tag","value":"eliminar_grupo"},{"name":"tag","value":"humo"},{"name":"tag","value":"negativas"},{"name":"parentSuite","value":"test.groups"},{"name":"suite","value":"test_delete_group"},{"name":"host","value":"runnervmg1sw1"},{"name":"thread","value":"2922-MainThread"},{"name":"framework","value":"pytest"},{"name":"language","value":"cpython3"},{"name":"package","value":"test.groups.test_delete_group"},{"name":"resultFormat","value":"allure2"}],"parameters":[],"links":[],"hidden":false,"retry":false,"extra":{"severity":"normal","retries":[],"categories":[{"name":"Product defects","matchedStatuses":[]}],"tags":["negativas","eliminar_grupo","humo"]},"source":"9aa6598eb12e546f.json","parameterValues":[]}