{"uid":"a64636fbb71e23b","name":"test_eliminar_grupo_con_token_expirado_return_401","fullName":"test.groups.test_delete_group#test_eliminar_grupo_con_token_expirado_return_401","historyId":"b6ac1b975c99b5f9aa6e5ef8c89cdd9e","time":{"start":1763099691690,"stop":1763099691783,"duration":93},"status":"failed","statusMessage":"AssertionError: Expected status code 401, but got 500","statusTrace":"@pytest.mark.negativas\n    @pytest.mark.humo\n    @pytest.mark.eliminar_grupo\n    def test_eliminar_grupo_con_token_expirado_return_401():\n        url = Endpoint.BASE_GROUP.value\n        response = BagistoRequest.get(url, headers=get_auth_headers(\"20|65468485548484488481\"))\n>       assert_status_code_401(response)\n\ntest/groups/test_delete_group.py:49: \n_ _ _ _ _ _ _ _ _ _ _ _ _ _ _ _ _ _ _ _ _ _ _ _ _ _ _ _ _ _ _ _ _ _ _ _ _ _ _ _ \n\nresponse = <Response [500]>\n\n    def assert_status_code_401(response):\n>       assert response.status_code == 401, f\"Expected status code 401, but got {response.status_code}\"\n               ^^^^^^^^^^^^^^^^^^^^^^^^^^^\nE       AssertionError: Expected status code 401, but got 500\n\nsrc/assertions/status_code_assertion.py:8: AssertionError","flaky":false,"newFailed":false,"newBroken":false,"newPassed":false,"retriesCount":0,"retriesStatusChange":false,"beforeStages":[{"name":"_session_faker","time":{"start":1763099670676,"stop":1763099670747,"duration":71},"status":"passed","steps":[],"attachments":[],"parameters":[],"shouldDisplayMessage":false,"stepsCount":0,"attachmentsCount":0,"hasContent":false,"attachmentStep":false}],"testStage":{"status":"failed","statusMessage":"AssertionError: Expected status code 401, but got 500","statusTrace":"@pytest.mark.negativas\n    @pytest.mark.humo\n    @pytest.mark.eliminar_grupo\n    def test_eliminar_grupo_con_token_expirado_return_401():\n        url = Endpoint.BASE_GROUP.value\n        response = BagistoRequest.get(url, headers=get_auth_headers(\"20|65468485548484488481\"))\n>       assert_status_code_401(response)\n\ntest/groups/test_delete_group.py:49: \n_ _ _ _ _ _ _ _ _ _ _ _ _ _ _ _ _ _ _ _ _ _ _ _ _ _ _ _ _ _ _ _ _ _ _ _ _ _ _ _ \n\nresponse = <Response [500]>\n\n    def assert_status_code_401(response):\n>       assert response.status_code == 401, f\"Expected status code 401, but got {response.status_code}\"\n               ^^^^^^^^^^^^^^^^^^^^^^^^^^^\nE       AssertionError: Expected status code 401, but got 500\n\nsrc/assertions/status_code_assertion.py:8: AssertionError","steps":[],"attachments":[{"uid":"6086a1cc31780eff","name":"log","source":"6086a1cc31780eff.txt","type":"text/plain","size":363685},{"uid":"eaa8cc97916f4cb9","name":"stderr","source":"eaa8cc97916f4cb9.txt","type":"text/plain","size":363750}],"parameters":[],"shouldDisplayMessage":true,"stepsCount":0,"attachmentsCount":2,"hasContent":true,"attachmentStep":false},"afterStages":[],"labels":[{"name":"tag","value":"eliminar_grupo"},{"name":"tag","value":"humo"},{"name":"tag","value":"negativas"},{"name":"parentSuite","value":"test.groups"},{"name":"suite","value":"test_delete_group"},{"name":"host","value":"runnervmw9dnm"},{"name":"thread","value":"2914-MainThread"},{"name":"framework","value":"pytest"},{"name":"language","value":"cpython3"},{"name":"package","value":"test.groups.test_delete_group"},{"name":"resultFormat","value":"allure2"}],"parameters":[],"links":[],"hidden":false,"retry":false,"extra":{"severity":"normal","retries":[],"categories":[{"name":"Product defects","matchedStatuses":[]}],"tags":["negativas","eliminar_grupo","humo"]},"source":"a64636fbb71e23b.json","parameterValues":[]}