{"uid":"b9595df86c793e93","name":"test_eliminar_grupo_con_token_expirado_return_401","fullName":"test.groups.test_delete_group#test_eliminar_grupo_con_token_expirado_return_401","historyId":"b6ac1b975c99b5f9aa6e5ef8c89cdd9e","time":{"start":1763737148415,"stop":1763737148503,"duration":88},"status":"failed","statusMessage":"AssertionError: Expected status code 401, but got 500","statusTrace":"@pytest.mark.negativas\n    @pytest.mark.humo\n    @pytest.mark.eliminar_grupo\n    def test_eliminar_grupo_con_token_expirado_return_401():\n        response = GroupService.delete_group(\"20|65468485548484488481\", 123)\n>       assert_status_code_401(response)\n\ntest/groups/test_delete_group.py:40: \n_ _ _ _ _ _ _ _ _ _ _ _ _ _ _ _ _ _ _ _ _ _ _ _ _ _ _ _ _ _ _ _ _ _ _ _ _ _ _ _ \n\nresponse = <Response [500]>\n\n    def assert_status_code_401(response):\n>       assert response.status_code == 401, f\"Expected status code 401, but got {response.status_code}\"\n               ^^^^^^^^^^^^^^^^^^^^^^^^^^^\nE       AssertionError: Expected status code 401, but got 500\n\nsrc/assertions/status_code_assertion.py:8: AssertionError","flaky":false,"newFailed":false,"newBroken":false,"newPassed":false,"retriesCount":0,"retriesStatusChange":false,"beforeStages":[{"name":"_session_faker","time":{"start":1763737125697,"stop":1763737125698,"duration":1},"status":"passed","steps":[],"attachments":[],"parameters":[],"shouldDisplayMessage":false,"stepsCount":0,"attachmentsCount":0,"hasContent":false,"attachmentStep":false}],"testStage":{"status":"failed","statusMessage":"AssertionError: Expected status code 401, but got 500","statusTrace":"@pytest.mark.negativas\n    @pytest.mark.humo\n    @pytest.mark.eliminar_grupo\n    def test_eliminar_grupo_con_token_expirado_return_401():\n        response = GroupService.delete_group(\"20|65468485548484488481\", 123)\n>       assert_status_code_401(response)\n\ntest/groups/test_delete_group.py:40: \n_ _ _ _ _ _ _ _ _ _ _ _ _ _ _ _ _ _ _ _ _ _ _ _ _ _ _ _ _ _ _ _ _ _ _ _ _ _ _ _ \n\nresponse = <Response [500]>\n\n    def assert_status_code_401(response):\n>       assert response.status_code == 401, f\"Expected status code 401, but got {response.status_code}\"\n               ^^^^^^^^^^^^^^^^^^^^^^^^^^^\nE       AssertionError: Expected status code 401, but got 500\n\nsrc/assertions/status_code_assertion.py:8: AssertionError","steps":[],"attachments":[{"uid":"8bea791e18acaadf","name":"log","source":"8bea791e18acaadf.txt","type":"text/plain","size":567},{"uid":"1c24d85bb14430aa","name":"stderr","source":"1c24d85bb14430aa.txt","type":"text/plain","size":718}],"parameters":[],"shouldDisplayMessage":true,"stepsCount":0,"attachmentsCount":2,"hasContent":true,"attachmentStep":false},"afterStages":[],"labels":[{"name":"tag","value":"eliminar_grupo"},{"name":"tag","value":"humo"},{"name":"tag","value":"negativas"},{"name":"parentSuite","value":"test.groups"},{"name":"suite","value":"test_delete_group"},{"name":"host","value":"runnervmg1sw1"},{"name":"thread","value":"2938-MainThread"},{"name":"framework","value":"pytest"},{"name":"language","value":"cpython3"},{"name":"package","value":"test.groups.test_delete_group"},{"name":"resultFormat","value":"allure2"}],"parameters":[],"links":[],"hidden":false,"retry":false,"extra":{"severity":"normal","retries":[],"categories":[{"name":"Product defects","matchedStatuses":[]}],"tags":["negativas","eliminar_grupo","humo"]},"source":"b9595df86c793e93.json","parameterValues":[]}