{"uid":"c3fe1c9535f66c2c","name":"test_crear_grupo_con_code_duplicado_no_unico_return_400","fullName":"test.groups.test_post_group#test_crear_grupo_con_code_duplicado_no_unico_return_400","historyId":"1d60449c0a34a25608a37463b4a0905b","time":{"start":1763726897684,"stop":1763726897875,"duration":191},"status":"failed","statusMessage":"AssertionError: Expected status code 400, but got 200","statusTrace":"get_token = '1|vg6apiRKWYemyMbPcG6dGnYDqFnoZdjRVLvBWAzlc6096d1e'\ngroup_teardown = [22]\n\n    @pytest.mark.negativas\n    @pytest.mark.humo\n    @pytest.mark.crear_grupo\n    def test_crear_grupo_con_code_duplicado_no_unico_return_400(get_token, group_teardown):\n        grupo_original = GroupHelper.create_grupo_data(name=None, code=None)\n        primer_grupo = GroupService.create_group(get_token, grupo_original)\n        assert_status_code_200(primer_grupo), \"No se pudo crear el primer grupo\"\n    \n        group_teardown.append(primer_grupo.json()[\"data\"][\"id\"])\n    \n        #crear grupo con mismo code y diferente name\n        grupo_duplicado = GroupHelper.create_grupo_data(name=f\"Grupo Duplicado {int(time.time())}\", code=grupo_original[\"code\"])\n        segundo_grupo = GroupService.create_group(get_token, grupo_duplicado)\n>       assert_status_code_400(segundo_grupo), \"Se esperaba un error 400 al crear un grupo con código duplicado\"\n        ^^^^^^^^^^^^^^^^^^^^^^^^^^^^^^^^^^^^^\n\ntest/groups/test_post_group.py:126: \n_ _ _ _ _ _ _ _ _ _ _ _ _ _ _ _ _ _ _ _ _ _ _ _ _ _ _ _ _ _ _ _ _ _ _ _ _ _ _ _ \n\nresponse = <Response [200]>\n\n    def assert_status_code_400(response):\n>       assert response.status_code == 400, f\"Expected status code 400, but got {response.status_code}\"\n               ^^^^^^^^^^^^^^^^^^^^^^^^^^^\nE       AssertionError: Expected status code 400, but got 200\n\nsrc/assertions/status_code_assertion.py:11: AssertionError","flaky":false,"newFailed":false,"newBroken":false,"newPassed":false,"retriesCount":0,"retriesStatusChange":false,"beforeStages":[{"name":"_session_faker","time":{"start":1763726866972,"stop":1763726866973,"duration":1},"status":"passed","steps":[],"attachments":[],"parameters":[],"shouldDisplayMessage":false,"stepsCount":0,"attachmentsCount":0,"hasContent":false,"attachmentStep":false},{"name":"get_token","time":{"start":1763726866973,"stop":1763726867138,"duration":165},"status":"passed","steps":[],"attachments":[],"parameters":[],"shouldDisplayMessage":false,"stepsCount":0,"attachmentsCount":0,"hasContent":false,"attachmentStep":false},{"name":"group_teardown","time":{"start":1763726897684,"stop":1763726897684,"duration":0},"status":"passed","steps":[],"attachments":[],"parameters":[],"shouldDisplayMessage":false,"stepsCount":0,"attachmentsCount":0,"hasContent":false,"attachmentStep":false}],"testStage":{"status":"failed","statusMessage":"AssertionError: Expected status code 400, but got 200","statusTrace":"get_token = '1|vg6apiRKWYemyMbPcG6dGnYDqFnoZdjRVLvBWAzlc6096d1e'\ngroup_teardown = [22]\n\n    @pytest.mark.negativas\n    @pytest.mark.humo\n    @pytest.mark.crear_grupo\n    def test_crear_grupo_con_code_duplicado_no_unico_return_400(get_token, group_teardown):\n        grupo_original = GroupHelper.create_grupo_data(name=None, code=None)\n        primer_grupo = GroupService.create_group(get_token, grupo_original)\n        assert_status_code_200(primer_grupo), \"No se pudo crear el primer grupo\"\n    \n        group_teardown.append(primer_grupo.json()[\"data\"][\"id\"])\n    \n        #crear grupo con mismo code y diferente name\n        grupo_duplicado = GroupHelper.create_grupo_data(name=f\"Grupo Duplicado {int(time.time())}\", code=grupo_original[\"code\"])\n        segundo_grupo = GroupService.create_group(get_token, grupo_duplicado)\n>       assert_status_code_400(segundo_grupo), \"Se esperaba un error 400 al crear un grupo con código duplicado\"\n        ^^^^^^^^^^^^^^^^^^^^^^^^^^^^^^^^^^^^^\n\ntest/groups/test_post_group.py:126: \n_ _ _ _ _ _ _ _ _ _ _ _ _ _ _ _ _ _ _ _ _ _ _ _ _ _ _ _ _ _ _ _ _ _ _ _ _ _ _ _ \n\nresponse = <Response [200]>\n\n    def assert_status_code_400(response):\n>       assert response.status_code == 400, f\"Expected status code 400, but got {response.status_code}\"\n               ^^^^^^^^^^^^^^^^^^^^^^^^^^^\nE       AssertionError: Expected status code 400, but got 200\n\nsrc/assertions/status_code_assertion.py:11: AssertionError","steps":[],"attachments":[{"uid":"d966f4f494107711","name":"log","source":"d966f4f494107711.txt","type":"text/plain","size":315815},{"uid":"f1eb2c3aa1302392","name":"stderr","source":"f1eb2c3aa1302392.txt","type":"text/plain","size":316517}],"parameters":[],"shouldDisplayMessage":true,"stepsCount":0,"attachmentsCount":2,"hasContent":true,"attachmentStep":false},"afterStages":[{"name":"group_teardown::0","time":{"start":1763726897880,"stop":1763726897925,"duration":45},"status":"passed","steps":[],"attachments":[],"parameters":[],"shouldDisplayMessage":false,"stepsCount":0,"attachmentsCount":0,"hasContent":false,"attachmentStep":false}],"labels":[{"name":"tag","value":"crear_grupo"},{"name":"tag","value":"humo"},{"name":"tag","value":"negativas"},{"name":"parentSuite","value":"test.groups"},{"name":"suite","value":"test_post_group"},{"name":"host","value":"runnervmg1sw1"},{"name":"thread","value":"2943-MainThread"},{"name":"framework","value":"pytest"},{"name":"language","value":"cpython3"},{"name":"package","value":"test.groups.test_post_group"},{"name":"resultFormat","value":"allure2"}],"parameters":[],"links":[],"hidden":false,"retry":false,"extra":{"severity":"normal","retries":[],"categories":[{"name":"Product defects","matchedStatuses":[]}],"tags":["negativas","crear_grupo","humo"]},"source":"c3fe1c9535f66c2c.json","parameterValues":[]}