{"uid":"c7a4222e897397d5","name":"test_crear_cliente_email_duplicado_return_400","fullName":"test.customers.test_post_customer#test_crear_cliente_email_duplicado_return_400","historyId":"8e730683768f2d7dada160747e16dbd3","time":{"start":1763586378558,"stop":1763586378838,"duration":280},"status":"failed","statusMessage":"AssertionError: Expected status code 400, but got 200","statusTrace":"get_token = '1|b2tQc3oXNlAWHeJ6YOAyvibnncQC6XcrnJsocXjtc4b61425'\ncustomer_teardown = [33]\n\n    @pytest.mark.regresion\n    @pytest.mark.crear_cliente\n    @pytest.mark.negativas\n    def test_crear_cliente_email_duplicado_return_400(get_token, customer_teardown):\n        payload_inicial = CustomerHelper.create_customer_data(first_name=None, last_name=None, email=None, gender=None, customer_group_id=1)\n        response_inicial = CustomerService.create_customer(get_token, payload_inicial)\n        assert_status_code_200(response_inicial)\n        customer_teardown.append(response_inicial.json()[\"data\"][\"id\"])\n        payload_duplicado = CustomerHelper.create_customer_data(first_name=None, last_name=None, email=payload_inicial[\"email\"], gender=None, customer_group_id=1)\n        response_duplicado = CustomerService.create_customer(get_token, payload_duplicado)\n>       assert_status_code_400(response_duplicado)\n\ntest/customers/test_post_customer.py:198: \n_ _ _ _ _ _ _ _ _ _ _ _ _ _ _ _ _ _ _ _ _ _ _ _ _ _ _ _ _ _ _ _ _ _ _ _ _ _ _ _ \n\nresponse = <Response [200]>\n\n    def assert_status_code_400(response):\n>       assert response.status_code == 400, f\"Expected status code 400, but got {response.status_code}\"\n               ^^^^^^^^^^^^^^^^^^^^^^^^^^^\nE       AssertionError: Expected status code 400, but got 200\n\nsrc/assertions/status_code_assertion.py:11: AssertionError","flaky":false,"newFailed":false,"newBroken":false,"newPassed":false,"retriesCount":0,"retriesStatusChange":false,"beforeStages":[{"name":"_session_faker","time":{"start":1763586365638,"stop":1763586365706,"duration":68},"status":"passed","steps":[],"attachments":[],"parameters":[],"shouldDisplayMessage":false,"stepsCount":0,"attachmentsCount":0,"hasContent":false,"attachmentStep":false},{"name":"get_token","time":{"start":1763586365706,"stop":1763586365871,"duration":165},"status":"passed","steps":[],"attachments":[],"parameters":[],"shouldDisplayMessage":false,"stepsCount":0,"attachmentsCount":0,"hasContent":false,"attachmentStep":false},{"name":"customer_teardown","time":{"start":1763586378558,"stop":1763586378558,"duration":0},"status":"passed","steps":[],"attachments":[],"parameters":[],"shouldDisplayMessage":false,"stepsCount":0,"attachmentsCount":0,"hasContent":false,"attachmentStep":false}],"testStage":{"status":"failed","statusMessage":"AssertionError: Expected status code 400, but got 200","statusTrace":"get_token = '1|b2tQc3oXNlAWHeJ6YOAyvibnncQC6XcrnJsocXjtc4b61425'\ncustomer_teardown = [33]\n\n    @pytest.mark.regresion\n    @pytest.mark.crear_cliente\n    @pytest.mark.negativas\n    def test_crear_cliente_email_duplicado_return_400(get_token, customer_teardown):\n        payload_inicial = CustomerHelper.create_customer_data(first_name=None, last_name=None, email=None, gender=None, customer_group_id=1)\n        response_inicial = CustomerService.create_customer(get_token, payload_inicial)\n        assert_status_code_200(response_inicial)\n        customer_teardown.append(response_inicial.json()[\"data\"][\"id\"])\n        payload_duplicado = CustomerHelper.create_customer_data(first_name=None, last_name=None, email=payload_inicial[\"email\"], gender=None, customer_group_id=1)\n        response_duplicado = CustomerService.create_customer(get_token, payload_duplicado)\n>       assert_status_code_400(response_duplicado)\n\ntest/customers/test_post_customer.py:198: \n_ _ _ _ _ _ _ _ _ _ _ _ _ _ _ _ _ _ _ _ _ _ _ _ _ _ _ _ _ _ _ _ _ _ _ _ _ _ _ _ \n\nresponse = <Response [200]>\n\n    def assert_status_code_400(response):\n>       assert response.status_code == 400, f\"Expected status code 400, but got {response.status_code}\"\n               ^^^^^^^^^^^^^^^^^^^^^^^^^^^\nE       AssertionError: Expected status code 400, but got 200\n\nsrc/assertions/status_code_assertion.py:11: AssertionError","steps":[],"attachments":[{"uid":"7e86508c1cff0a70","name":"log","source":"7e86508c1cff0a70.txt","type":"text/plain","size":315962},{"uid":"11c705ad8308475a","name":"stderr","source":"11c705ad8308475a.txt","type":"text/plain","size":316676}],"parameters":[],"shouldDisplayMessage":true,"stepsCount":0,"attachmentsCount":2,"hasContent":true,"attachmentStep":false},"afterStages":[{"name":"customer_teardown::0","time":{"start":1763586378859,"stop":1763586378903,"duration":44},"status":"passed","steps":[],"attachments":[],"parameters":[],"shouldDisplayMessage":false,"stepsCount":0,"attachmentsCount":0,"hasContent":false,"attachmentStep":false}],"labels":[{"name":"tag","value":"negativas"},{"name":"tag","value":"crear_cliente"},{"name":"tag","value":"regresion"},{"name":"parentSuite","value":"test.customers"},{"name":"suite","value":"test_post_customer"},{"name":"host","value":"runnervmg1sw1"},{"name":"thread","value":"2952-MainThread"},{"name":"framework","value":"pytest"},{"name":"language","value":"cpython3"},{"name":"package","value":"test.customers.test_post_customer"},{"name":"resultFormat","value":"allure2"}],"parameters":[],"links":[],"hidden":false,"retry":false,"extra":{"severity":"normal","retries":[],"categories":[{"name":"Product defects","matchedStatuses":[]}],"tags":["regresion","negativas","crear_cliente"]},"source":"c7a4222e897397d5.json","parameterValues":[]}