{"uid":"cee91cd093f0437c","name":"test_verificar_que_no_se_actualice_grupo_si_falta_code","fullName":"test.groups.test_put_group#test_verificar_que_no_se_actualice_grupo_si_falta_code","historyId":"f872cca6f6ac4f493e4fc2715a72305f","time":{"start":1763275422332,"stop":1763275423531,"duration":1199},"status":"failed","statusMessage":"AssertionError: Expected status code 400, but got 200","statusTrace":"get_token = '1|CqUOsOKVbeBRF7o0YPQqR0muic2RlJl19repKhOvdb95f616'\ngroup_teardown = [28]\n\n    @pytest.mark.negativas\n    @pytest.mark.humo\n    @pytest.mark.actualizar_grupo\n    def test_verificar_que_no_se_actualice_grupo_si_falta_code(get_token, group_teardown):\n        grupo_creado = GroupHelper.create_random_group(get_token)\n        assert_status_code_200(grupo_creado)\n        time.sleep(1)\n    \n        grupo_id = grupo_creado.json()[\"data\"][\"id\"]\n        group_teardown.append(grupo_id)\n        grupo_datos = {\n            \"name\": \"NuevoNombre\"+str(int(time.time() * 1000))\n        }\n        url = f\"{Endpoint.BASE_GROUP.value}/{grupo_id}\"\n        response = BagistoRequest.put(url, headers=get_auth_headers(get_token), json=grupo_datos)\n>       assert_status_code_400(response)\n\ntest/groups/test_put_group.py:137: \n_ _ _ _ _ _ _ _ _ _ _ _ _ _ _ _ _ _ _ _ _ _ _ _ _ _ _ _ _ _ _ _ _ _ _ _ _ _ _ _ \n\nresponse = <Response [200]>\n\n    def assert_status_code_400(response):\n>       assert response.status_code == 400, f\"Expected status code 400, but got {response.status_code}\"\n               ^^^^^^^^^^^^^^^^^^^^^^^^^^^\nE       AssertionError: Expected status code 400, but got 200\n\nsrc/assertions/status_code_assertion.py:11: AssertionError","flaky":false,"newFailed":false,"newBroken":false,"newPassed":false,"retriesCount":0,"retriesStatusChange":false,"beforeStages":[{"name":"_session_faker","time":{"start":1763275388210,"stop":1763275388277,"duration":67},"status":"passed","steps":[],"attachments":[],"parameters":[],"shouldDisplayMessage":false,"stepsCount":0,"attachmentsCount":0,"hasContent":false,"attachmentStep":false},{"name":"get_token","time":{"start":1763275388277,"stop":1763275388440,"duration":163},"status":"passed","steps":[],"attachments":[],"parameters":[],"shouldDisplayMessage":false,"stepsCount":0,"attachmentsCount":0,"hasContent":false,"attachmentStep":false},{"name":"group_teardown","time":{"start":1763275422331,"stop":1763275422331,"duration":0},"status":"passed","steps":[],"attachments":[],"parameters":[],"shouldDisplayMessage":false,"stepsCount":0,"attachmentsCount":0,"hasContent":false,"attachmentStep":false}],"testStage":{"status":"failed","statusMessage":"AssertionError: Expected status code 400, but got 200","statusTrace":"get_token = '1|CqUOsOKVbeBRF7o0YPQqR0muic2RlJl19repKhOvdb95f616'\ngroup_teardown = [28]\n\n    @pytest.mark.negativas\n    @pytest.mark.humo\n    @pytest.mark.actualizar_grupo\n    def test_verificar_que_no_se_actualice_grupo_si_falta_code(get_token, group_teardown):\n        grupo_creado = GroupHelper.create_random_group(get_token)\n        assert_status_code_200(grupo_creado)\n        time.sleep(1)\n    \n        grupo_id = grupo_creado.json()[\"data\"][\"id\"]\n        group_teardown.append(grupo_id)\n        grupo_datos = {\n            \"name\": \"NuevoNombre\"+str(int(time.time() * 1000))\n        }\n        url = f\"{Endpoint.BASE_GROUP.value}/{grupo_id}\"\n        response = BagistoRequest.put(url, headers=get_auth_headers(get_token), json=grupo_datos)\n>       assert_status_code_400(response)\n\ntest/groups/test_put_group.py:137: \n_ _ _ _ _ _ _ _ _ _ _ _ _ _ _ _ _ _ _ _ _ _ _ _ _ _ _ _ _ _ _ _ _ _ _ _ _ _ _ _ \n\nresponse = <Response [200]>\n\n    def assert_status_code_400(response):\n>       assert response.status_code == 400, f\"Expected status code 400, but got {response.status_code}\"\n               ^^^^^^^^^^^^^^^^^^^^^^^^^^^\nE       AssertionError: Expected status code 400, but got 200\n\nsrc/assertions/status_code_assertion.py:11: AssertionError","steps":[],"attachments":[{"uid":"e05d9ec7258ae2ff","name":"log","source":"e05d9ec7258ae2ff.txt","type":"text/plain","size":328151},{"uid":"3ccf88ba996da1b7","name":"stderr","source":"3ccf88ba996da1b7.txt","type":"text/plain","size":331880}],"parameters":[],"shouldDisplayMessage":true,"stepsCount":0,"attachmentsCount":2,"hasContent":true,"attachmentStep":false},"afterStages":[{"name":"group_teardown::0","time":{"start":1763275423536,"stop":1763275423580,"duration":44},"status":"passed","steps":[],"attachments":[],"parameters":[],"shouldDisplayMessage":false,"stepsCount":0,"attachmentsCount":0,"hasContent":false,"attachmentStep":false}],"labels":[{"name":"tag","value":"actualizar_grupo"},{"name":"tag","value":"humo"},{"name":"tag","value":"negativas"},{"name":"parentSuite","value":"test.groups"},{"name":"suite","value":"test_put_group"},{"name":"host","value":"runnervmg1sw1"},{"name":"thread","value":"2922-MainThread"},{"name":"framework","value":"pytest"},{"name":"language","value":"cpython3"},{"name":"package","value":"test.groups.test_put_group"},{"name":"resultFormat","value":"allure2"}],"parameters":[],"links":[],"hidden":false,"retry":false,"extra":{"severity":"normal","retries":[],"categories":[{"name":"Product defects","matchedStatuses":[]}],"tags":["actualizar_grupo","negativas","humo"]},"source":"cee91cd093f0437c.json","parameterValues":[]}