{"uid":"d1cdac2e2bfc11ab","name":"test_solicitar_order_invalido_return_400","fullName":"test.groups.test_get_groups#test_solicitar_order_invalido_return_400","historyId":"10007633d77a6a04331c182b432bf168","time":{"start":1763099696575,"stop":1763099696805,"duration":230},"status":"failed","statusMessage":"AssertionError: Expected status code 400, but got 500","statusTrace":"get_token = '1|rTasWDAVkilnkOKX7SXn5ayu3CpeVAKNiHQLpJuJff882613'\ncreate_5_groups = [<Response [200]>, <Response [200]>, <Response [200]>, <Response [200]>, <Response [200]>]\n\n    @pytest.mark.listar_grupos\n    @pytest.mark.negativas\n    @pytest.mark.regresion\n    def test_solicitar_order_invalido_return_400(get_token, create_5_groups):\n        url = f\"{Endpoint.BASE_GROUP.value}?sort=id&order=invalid_order\"\n        response = BagistoRequest.get(url, headers=get_auth_headers(get_token))\n>       assert_status_code_400(response)\n\ntest/groups/test_get_groups.py:80: \n_ _ _ _ _ _ _ _ _ _ _ _ _ _ _ _ _ _ _ _ _ _ _ _ _ _ _ _ _ _ _ _ _ _ _ _ _ _ _ _ \n\nresponse = <Response [500]>\n\n    def assert_status_code_400(response):\n>       assert response.status_code == 400, f\"Expected status code 400, but got {response.status_code}\"\n               ^^^^^^^^^^^^^^^^^^^^^^^^^^^\nE       AssertionError: Expected status code 400, but got 500\n\nsrc/assertions/status_code_assertion.py:11: AssertionError","flaky":false,"newFailed":false,"newBroken":false,"newPassed":false,"retriesCount":0,"retriesStatusChange":false,"beforeStages":[{"name":"_session_faker","time":{"start":1763099670676,"stop":1763099670747,"duration":71},"status":"passed","steps":[],"attachments":[],"parameters":[],"shouldDisplayMessage":false,"stepsCount":0,"attachmentsCount":0,"hasContent":false,"attachmentStep":false},{"name":"get_token","time":{"start":1763099670747,"stop":1763099670913,"duration":166},"status":"passed","steps":[],"attachments":[],"parameters":[],"shouldDisplayMessage":false,"stepsCount":0,"attachmentsCount":0,"hasContent":false,"attachmentStep":false},{"name":"create_5_groups","time":{"start":1763099696094,"stop":1763099696308,"duration":214},"status":"passed","steps":[],"attachments":[],"parameters":[],"shouldDisplayMessage":false,"stepsCount":0,"attachmentsCount":0,"hasContent":false,"attachmentStep":false}],"testStage":{"status":"failed","statusMessage":"AssertionError: Expected status code 400, but got 500","statusTrace":"get_token = '1|rTasWDAVkilnkOKX7SXn5ayu3CpeVAKNiHQLpJuJff882613'\ncreate_5_groups = [<Response [200]>, <Response [200]>, <Response [200]>, <Response [200]>, <Response [200]>]\n\n    @pytest.mark.listar_grupos\n    @pytest.mark.negativas\n    @pytest.mark.regresion\n    def test_solicitar_order_invalido_return_400(get_token, create_5_groups):\n        url = f\"{Endpoint.BASE_GROUP.value}?sort=id&order=invalid_order\"\n        response = BagistoRequest.get(url, headers=get_auth_headers(get_token))\n>       assert_status_code_400(response)\n\ntest/groups/test_get_groups.py:80: \n_ _ _ _ _ _ _ _ _ _ _ _ _ _ _ _ _ _ _ _ _ _ _ _ _ _ _ _ _ _ _ _ _ _ _ _ _ _ _ _ \n\nresponse = <Response [500]>\n\n    def assert_status_code_400(response):\n>       assert response.status_code == 400, f\"Expected status code 400, but got {response.status_code}\"\n               ^^^^^^^^^^^^^^^^^^^^^^^^^^^\nE       AssertionError: Expected status code 400, but got 500\n\nsrc/assertions/status_code_assertion.py:11: AssertionError","steps":[],"attachments":[{"uid":"39f1415d1f601b11","name":"log","source":"39f1415d1f601b11.txt","type":"text/plain","size":451990},{"uid":"cf79b0f125f6f2ac","name":"stderr","source":"cf79b0f125f6f2ac.txt","type":"text/plain","size":452055}],"parameters":[],"shouldDisplayMessage":true,"stepsCount":0,"attachmentsCount":2,"hasContent":true,"attachmentStep":false},"afterStages":[{"name":"create_5_groups::0","time":{"start":1763099706225,"stop":1763099706440,"duration":215},"status":"passed","steps":[],"attachments":[],"parameters":[],"shouldDisplayMessage":false,"stepsCount":0,"attachmentsCount":0,"hasContent":false,"attachmentStep":false}],"labels":[{"name":"tag","value":"regresion"},{"name":"tag","value":"negativas"},{"name":"tag","value":"listar_grupos"},{"name":"parentSuite","value":"test.groups"},{"name":"suite","value":"test_get_groups"},{"name":"host","value":"runnervmw9dnm"},{"name":"thread","value":"2914-MainThread"},{"name":"framework","value":"pytest"},{"name":"language","value":"cpython3"},{"name":"package","value":"test.groups.test_get_groups"},{"name":"resultFormat","value":"allure2"}],"parameters":[],"links":[],"hidden":false,"retry":false,"extra":{"severity":"normal","retries":[],"categories":[{"name":"Product defects","matchedStatuses":[]}],"tags":["listar_grupos","regresion","negativas"]},"source":"d1cdac2e2bfc11ab.json","parameterValues":[]}