{"uid":"d45ad1bb97348461","name":"test_verificar_que_no_se_actualice_grupo_si_falta_code","fullName":"test.groups.test_put_group#test_verificar_que_no_se_actualice_grupo_si_falta_code","historyId":"f872cca6f6ac4f493e4fc2715a72305f","time":{"start":1762387912135,"stop":1762387913348,"duration":1213},"status":"failed","statusMessage":"AssertionError: Expected status code 400, but got 200","statusTrace":"get_token = '1|3KvGtmEA1iqhYP79XlAyIFpyivkBmtUYittCxo4Y2ea9feaf'\n\n    def test_verificar_que_no_se_actualice_grupo_si_falta_code(get_token):\n        #crear grupo primero\n        grupo_creado = GroupHelper.create_random_group(get_token)\n        assert_status_code_200(grupo_creado)\n        time.sleep(1)\n        grupo_id = grupo_creado.json()[\"data\"][\"id\"]\n    \n        grupo_datos = {\n            \"name\": \"NuevoNombre\"+str(int(time.time() * 1000))\n        }\n    \n        url = f\"{Endpoint.BASE_GROUP.value}/{grupo_id}\"\n        headers = {\n            \"Authorization\": f\"Bearer {get_token}\"\n        }\n        response = BagistoRequest.put(url, headers=headers, json=grupo_datos)\n    \n>       assert_status_code_400(response)\n\ntest/groups/test_put_group.py:154: \n_ _ _ _ _ _ _ _ _ _ _ _ _ _ _ _ _ _ _ _ _ _ _ _ _ _ _ _ _ _ _ _ _ _ _ _ _ _ _ _ \n\nresponse = <Response [200]>\n\n    def assert_status_code_400(response):\n>       assert response.status_code == 400, f\"Expected status code 400, but got {response.status_code}\"\n               ^^^^^^^^^^^^^^^^^^^^^^^^^^^\nE       AssertionError: Expected status code 400, but got 200\n\nsrc/assertions/status_code_assertion.py:11: AssertionError","flaky":false,"newFailed":false,"newBroken":false,"newPassed":false,"retriesCount":0,"retriesStatusChange":false,"beforeStages":[{"name":"_session_faker","time":{"start":1762387881072,"stop":1762387881139,"duration":67},"status":"passed","steps":[],"attachments":[],"parameters":[],"shouldDisplayMessage":false,"stepsCount":0,"attachmentsCount":0,"hasContent":false,"attachmentStep":false},{"name":"get_token","time":{"start":1762387881139,"stop":1762387881300,"duration":161},"status":"passed","steps":[],"attachments":[],"parameters":[],"shouldDisplayMessage":false,"stepsCount":0,"attachmentsCount":0,"hasContent":false,"attachmentStep":false}],"testStage":{"status":"failed","statusMessage":"AssertionError: Expected status code 400, but got 200","statusTrace":"get_token = '1|3KvGtmEA1iqhYP79XlAyIFpyivkBmtUYittCxo4Y2ea9feaf'\n\n    def test_verificar_que_no_se_actualice_grupo_si_falta_code(get_token):\n        #crear grupo primero\n        grupo_creado = GroupHelper.create_random_group(get_token)\n        assert_status_code_200(grupo_creado)\n        time.sleep(1)\n        grupo_id = grupo_creado.json()[\"data\"][\"id\"]\n    \n        grupo_datos = {\n            \"name\": \"NuevoNombre\"+str(int(time.time() * 1000))\n        }\n    \n        url = f\"{Endpoint.BASE_GROUP.value}/{grupo_id}\"\n        headers = {\n            \"Authorization\": f\"Bearer {get_token}\"\n        }\n        response = BagistoRequest.put(url, headers=headers, json=grupo_datos)\n    \n>       assert_status_code_400(response)\n\ntest/groups/test_put_group.py:154: \n_ _ _ _ _ _ _ _ _ _ _ _ _ _ _ _ _ _ _ _ _ _ _ _ _ _ _ _ _ _ _ _ _ _ _ _ _ _ _ _ \n\nresponse = <Response [200]>\n\n    def assert_status_code_400(response):\n>       assert response.status_code == 400, f\"Expected status code 400, but got {response.status_code}\"\n               ^^^^^^^^^^^^^^^^^^^^^^^^^^^\nE       AssertionError: Expected status code 400, but got 200\n\nsrc/assertions/status_code_assertion.py:11: AssertionError","steps":[],"attachments":[{"uid":"c547b18291928c6f","name":"log","source":"c547b18291928c6f.txt","type":"text/plain","size":313645},{"uid":"eee9c0987361aa61","name":"stderr","source":"eee9c0987361aa61.txt","type":"text/plain","size":313812}],"parameters":[],"shouldDisplayMessage":true,"stepsCount":0,"attachmentsCount":2,"hasContent":true,"attachmentStep":false},"afterStages":[],"labels":[{"name":"parentSuite","value":"test.groups"},{"name":"suite","value":"test_put_group"},{"name":"host","value":"runnervmf2e7y"},{"name":"thread","value":"2913-MainThread"},{"name":"framework","value":"pytest"},{"name":"language","value":"cpython3"},{"name":"package","value":"test.groups.test_put_group"},{"name":"resultFormat","value":"allure2"}],"parameters":[],"links":[],"hidden":false,"retry":false,"extra":{"severity":"normal","retries":[],"categories":[{"name":"Product defects","matchedStatuses":[]}],"tags":[]},"source":"d45ad1bb97348461.json","parameterValues":[]}