{"uid":"e974c198552c45cb","name":"test_solicitar_order_invalido_return_400","fullName":"test.groups.test_get_groups#test_solicitar_order_invalido_return_400","historyId":"10007633d77a6a04331c182b432bf168","time":{"start":1762730054196,"stop":1762730054431,"duration":235},"status":"failed","statusMessage":"AssertionError: Expected status code 400, but got 500","statusTrace":"get_token = '1|CG7Rf7dg4jS5p2MPbhkJzlpcxMax2ufxQvARUNmoc394349d'\ncreate_5_groups = [<Response [200]>, <Response [200]>, <Response [200]>, <Response [200]>, <Response [200]>]\n\n    @pytest.mark.negativas\n    @pytest.mark.humo\n    def test_solicitar_order_invalido_return_400(get_token, create_5_groups):\n        url = f\"{Endpoint.BASE_GROUP.value}?sort=id&order=invalid_order\"\n        response = BagistoRequest.get(url, headers=get_auth_headers(get_token))\n>       assert_status_code_400(response)\n\ntest/groups/test_get_groups.py:67: \n_ _ _ _ _ _ _ _ _ _ _ _ _ _ _ _ _ _ _ _ _ _ _ _ _ _ _ _ _ _ _ _ _ _ _ _ _ _ _ _ \n\nresponse = <Response [500]>\n\n    def assert_status_code_400(response):\n>       assert response.status_code == 400, f\"Expected status code 400, but got {response.status_code}\"\n               ^^^^^^^^^^^^^^^^^^^^^^^^^^^\nE       AssertionError: Expected status code 400, but got 500\n\nsrc/assertions/status_code_assertion.py:11: AssertionError","flaky":false,"newFailed":false,"newBroken":false,"newPassed":false,"retriesCount":0,"retriesStatusChange":false,"beforeStages":[{"name":"_session_faker","time":{"start":1762730027304,"stop":1762730027373,"duration":69},"status":"passed","steps":[],"attachments":[],"parameters":[],"shouldDisplayMessage":false,"stepsCount":0,"attachmentsCount":0,"hasContent":false,"attachmentStep":false},{"name":"get_token","time":{"start":1762730027373,"stop":1762730027536,"duration":163},"status":"passed","steps":[],"attachments":[],"parameters":[],"shouldDisplayMessage":false,"stepsCount":0,"attachmentsCount":0,"hasContent":false,"attachmentStep":false},{"name":"create_5_groups","time":{"start":1762730053700,"stop":1762730053913,"duration":213},"status":"passed","steps":[],"attachments":[],"parameters":[],"shouldDisplayMessage":false,"stepsCount":0,"attachmentsCount":0,"hasContent":false,"attachmentStep":false}],"testStage":{"status":"failed","statusMessage":"AssertionError: Expected status code 400, but got 500","statusTrace":"get_token = '1|CG7Rf7dg4jS5p2MPbhkJzlpcxMax2ufxQvARUNmoc394349d'\ncreate_5_groups = [<Response [200]>, <Response [200]>, <Response [200]>, <Response [200]>, <Response [200]>]\n\n    @pytest.mark.negativas\n    @pytest.mark.humo\n    def test_solicitar_order_invalido_return_400(get_token, create_5_groups):\n        url = f\"{Endpoint.BASE_GROUP.value}?sort=id&order=invalid_order\"\n        response = BagistoRequest.get(url, headers=get_auth_headers(get_token))\n>       assert_status_code_400(response)\n\ntest/groups/test_get_groups.py:67: \n_ _ _ _ _ _ _ _ _ _ _ _ _ _ _ _ _ _ _ _ _ _ _ _ _ _ _ _ _ _ _ _ _ _ _ _ _ _ _ _ \n\nresponse = <Response [500]>\n\n    def assert_status_code_400(response):\n>       assert response.status_code == 400, f\"Expected status code 400, but got {response.status_code}\"\n               ^^^^^^^^^^^^^^^^^^^^^^^^^^^\nE       AssertionError: Expected status code 400, but got 500\n\nsrc/assertions/status_code_assertion.py:11: AssertionError","steps":[],"attachments":[{"uid":"2eb945ccb1bebd49","name":"log","source":"2eb945ccb1bebd49.txt","type":"text/plain","size":451977},{"uid":"169511185d38e084","name":"stderr","source":"169511185d38e084.txt","type":"text/plain","size":452042}],"parameters":[],"shouldDisplayMessage":true,"stepsCount":0,"attachmentsCount":2,"hasContent":true,"attachmentStep":false},"afterStages":[{"name":"create_5_groups::0","time":{"start":1762730063726,"stop":1762730063939,"duration":213},"status":"passed","steps":[],"attachments":[],"parameters":[],"shouldDisplayMessage":false,"stepsCount":0,"attachmentsCount":0,"hasContent":false,"attachmentStep":false}],"labels":[{"name":"tag","value":"humo"},{"name":"tag","value":"negativas"},{"name":"parentSuite","value":"test.groups"},{"name":"suite","value":"test_get_groups"},{"name":"host","value":"runnervmw9dnm"},{"name":"thread","value":"2934-MainThread"},{"name":"framework","value":"pytest"},{"name":"language","value":"cpython3"},{"name":"package","value":"test.groups.test_get_groups"},{"name":"resultFormat","value":"allure2"}],"parameters":[],"links":[],"hidden":false,"retry":false,"extra":{"severity":"normal","retries":[],"categories":[{"name":"Product defects","matchedStatuses":[]}],"tags":["negativas","humo"]},"source":"e974c198552c45cb.json","parameterValues":[]}