{"uid":"ee68b3e02cda378b","name":"test_consultar_grupo_sin_token_return_401","fullName":"test.groups.test_get_group_ID#test_consultar_grupo_sin_token_return_401","historyId":"92c4cf115056ca062f4ad7f4b64b7d7a","time":{"start":1763586393149,"stop":1763586393346,"duration":197},"status":"failed","statusMessage":"AssertionError: Expected status code 401, but got 500","statusTrace":"create_group = {'data': {'created_at': '2025-11-19T21:06:33.000000Z', 'id': 8, 'name': 'Thornton Group', 'updated_at': '2025-11-19T21:06:33.000000Z'}, 'message': 'Customer group have been successfully added.'}\n\n    @pytest.mark.listar_grupo_especifico\n    @pytest.mark.negativas\n    @pytest.mark.humo\n    def test_consultar_grupo_sin_token_return_401(create_group):\n        grupo_id = create_group[\"data\"][\"id\"]\n        response = GroupService.get_group_by_id(None, grupo_id)\n>       assert_status_code_401(response)\n\ntest/groups/test_get_group_ID.py:51: \n_ _ _ _ _ _ _ _ _ _ _ _ _ _ _ _ _ _ _ _ _ _ _ _ _ _ _ _ _ _ _ _ _ _ _ _ _ _ _ _ \n\nresponse = <Response [500]>\n\n    def assert_status_code_401(response):\n>       assert response.status_code == 401, f\"Expected status code 401, but got {response.status_code}\"\n               ^^^^^^^^^^^^^^^^^^^^^^^^^^^\nE       AssertionError: Expected status code 401, but got 500\n\nsrc/assertions/status_code_assertion.py:8: AssertionError","flaky":false,"newFailed":false,"newBroken":false,"newPassed":false,"retriesCount":0,"retriesStatusChange":false,"beforeStages":[{"name":"_session_faker","time":{"start":1763586365638,"stop":1763586365706,"duration":68},"status":"passed","steps":[],"attachments":[],"parameters":[],"shouldDisplayMessage":false,"stepsCount":0,"attachmentsCount":0,"hasContent":false,"attachmentStep":false},{"name":"get_token","time":{"start":1763586365706,"stop":1763586365871,"duration":165},"status":"passed","steps":[],"attachments":[],"parameters":[],"shouldDisplayMessage":false,"stepsCount":0,"attachmentsCount":0,"hasContent":false,"attachmentStep":false},{"name":"create_group","time":{"start":1763586393105,"stop":1763586393149,"duration":44},"status":"passed","steps":[],"attachments":[],"parameters":[],"shouldDisplayMessage":false,"stepsCount":0,"attachmentsCount":0,"hasContent":false,"attachmentStep":false}],"testStage":{"status":"failed","statusMessage":"AssertionError: Expected status code 401, but got 500","statusTrace":"create_group = {'data': {'created_at': '2025-11-19T21:06:33.000000Z', 'id': 8, 'name': 'Thornton Group', 'updated_at': '2025-11-19T21:06:33.000000Z'}, 'message': 'Customer group have been successfully added.'}\n\n    @pytest.mark.listar_grupo_especifico\n    @pytest.mark.negativas\n    @pytest.mark.humo\n    def test_consultar_grupo_sin_token_return_401(create_group):\n        grupo_id = create_group[\"data\"][\"id\"]\n        response = GroupService.get_group_by_id(None, grupo_id)\n>       assert_status_code_401(response)\n\ntest/groups/test_get_group_ID.py:51: \n_ _ _ _ _ _ _ _ _ _ _ _ _ _ _ _ _ _ _ _ _ _ _ _ _ _ _ _ _ _ _ _ _ _ _ _ _ _ _ _ \n\nresponse = <Response [500]>\n\n    def assert_status_code_401(response):\n>       assert response.status_code == 401, f\"Expected status code 401, but got {response.status_code}\"\n               ^^^^^^^^^^^^^^^^^^^^^^^^^^^\nE       AssertionError: Expected status code 401, but got 500\n\nsrc/assertions/status_code_assertion.py:8: AssertionError","steps":[],"attachments":[{"uid":"dcc4e5895c52b9f2","name":"log","source":"dcc4e5895c52b9f2.txt","type":"text/plain","size":366806},{"uid":"4164ceb7be5fc241","name":"stderr","source":"4164ceb7be5fc241.txt","type":"text/plain","size":367445}],"parameters":[],"shouldDisplayMessage":true,"stepsCount":0,"attachmentsCount":2,"hasContent":true,"attachmentStep":false},"afterStages":[{"name":"create_group::0","time":{"start":1763586393350,"stop":1763586393395,"duration":45},"status":"passed","steps":[],"attachments":[],"parameters":[],"shouldDisplayMessage":false,"stepsCount":0,"attachmentsCount":0,"hasContent":false,"attachmentStep":false}],"labels":[{"name":"tag","value":"humo"},{"name":"tag","value":"negativas"},{"name":"tag","value":"listar_grupo_especifico"},{"name":"parentSuite","value":"test.groups"},{"name":"suite","value":"test_get_group_ID"},{"name":"host","value":"runnervmg1sw1"},{"name":"thread","value":"2952-MainThread"},{"name":"framework","value":"pytest"},{"name":"language","value":"cpython3"},{"name":"package","value":"test.groups.test_get_group_ID"},{"name":"resultFormat","value":"allure2"}],"parameters":[],"links":[],"hidden":false,"retry":false,"extra":{"severity":"normal","retries":[],"categories":[{"name":"Product defects","matchedStatuses":[]}],"tags":["negativas","listar_grupo_especifico","humo"]},"source":"ee68b3e02cda378b.json","parameterValues":[]}