{"uid":"f4856d12ae6c43ae","name":"test_solicitar_sort_campo_inexistente_return_400","fullName":"test.groups.test_get_groups#test_solicitar_sort_campo_inexistente_return_400","historyId":"9ba5b63a54bcf52761db1bc650d9808b","time":{"start":1762920689564,"stop":1762920689913,"duration":349},"status":"failed","statusMessage":"AssertionError: Expected status code 400, but got 500","statusTrace":"get_token = '1|d9eoyZvDnyQ1jm8MWeqBCJSiCvgsUAiStBCNC63ye8f075da'\ncreate_5_groups = [<Response [200]>, <Response [200]>, <Response [200]>, <Response [200]>, <Response [200]>]\n\n    @pytest.mark.listar_grupos\n    def test_solicitar_sort_campo_inexistente_return_400(get_token, create_5_groups):\n        url = f\"{Endpoint.BASE_GROUP.value}?sort=no_valido&order=asc\"\n        response = BagistoRequest.get(url, headers=get_auth_headers(get_token))\n>       assert_status_code_400(response)\n\ntest/groups/test_get_groups.py:78: \n_ _ _ _ _ _ _ _ _ _ _ _ _ _ _ _ _ _ _ _ _ _ _ _ _ _ _ _ _ _ _ _ _ _ _ _ _ _ _ _ \n\nresponse = <Response [500]>\n\n    def assert_status_code_400(response):\n>       assert response.status_code == 400, f\"Expected status code 400, but got {response.status_code}\"\n               ^^^^^^^^^^^^^^^^^^^^^^^^^^^\nE       AssertionError: Expected status code 400, but got 500\n\nsrc/assertions/status_code_assertion.py:11: AssertionError","flaky":false,"newFailed":false,"newBroken":false,"newPassed":false,"retriesCount":0,"retriesStatusChange":false,"beforeStages":[{"name":"_session_faker","time":{"start":1762920663464,"stop":1762920663531,"duration":67},"status":"passed","steps":[],"attachments":[],"parameters":[],"shouldDisplayMessage":false,"stepsCount":0,"attachmentsCount":0,"hasContent":false,"attachmentStep":false},{"name":"get_token","time":{"start":1762920663531,"stop":1762920663695,"duration":164},"status":"passed","steps":[],"attachments":[],"parameters":[],"shouldDisplayMessage":false,"stepsCount":0,"attachmentsCount":0,"hasContent":false,"attachmentStep":false},{"name":"create_5_groups","time":{"start":1762920688826,"stop":1762920689045,"duration":219},"status":"passed","steps":[],"attachments":[],"parameters":[],"shouldDisplayMessage":false,"stepsCount":0,"attachmentsCount":0,"hasContent":false,"attachmentStep":false}],"testStage":{"status":"failed","statusMessage":"AssertionError: Expected status code 400, but got 500","statusTrace":"get_token = '1|d9eoyZvDnyQ1jm8MWeqBCJSiCvgsUAiStBCNC63ye8f075da'\ncreate_5_groups = [<Response [200]>, <Response [200]>, <Response [200]>, <Response [200]>, <Response [200]>]\n\n    @pytest.mark.listar_grupos\n    def test_solicitar_sort_campo_inexistente_return_400(get_token, create_5_groups):\n        url = f\"{Endpoint.BASE_GROUP.value}?sort=no_valido&order=asc\"\n        response = BagistoRequest.get(url, headers=get_auth_headers(get_token))\n>       assert_status_code_400(response)\n\ntest/groups/test_get_groups.py:78: \n_ _ _ _ _ _ _ _ _ _ _ _ _ _ _ _ _ _ _ _ _ _ _ _ _ _ _ _ _ _ _ _ _ _ _ _ _ _ _ _ \n\nresponse = <Response [500]>\n\n    def assert_status_code_400(response):\n>       assert response.status_code == 400, f\"Expected status code 400, but got {response.status_code}\"\n               ^^^^^^^^^^^^^^^^^^^^^^^^^^^\nE       AssertionError: Expected status code 400, but got 500\n\nsrc/assertions/status_code_assertion.py:11: AssertionError","steps":[],"attachments":[{"uid":"782690cbc17791d6","name":"log","source":"782690cbc17791d6.txt","type":"text/plain","size":539218},{"uid":"5962ee1b3f9c3aea","name":"stderr","source":"5962ee1b3f9c3aea.txt","type":"text/plain","size":539283}],"parameters":[],"shouldDisplayMessage":true,"stepsCount":0,"attachmentsCount":2,"hasContent":true,"attachmentStep":false},"afterStages":[{"name":"create_5_groups::0","time":{"start":1762920699000,"stop":1762920699239,"duration":239},"status":"passed","steps":[],"attachments":[],"parameters":[],"shouldDisplayMessage":false,"stepsCount":0,"attachmentsCount":0,"hasContent":false,"attachmentStep":false}],"labels":[{"name":"tag","value":"listar_grupos"},{"name":"parentSuite","value":"test.groups"},{"name":"suite","value":"test_get_groups"},{"name":"host","value":"runnervmw9dnm"},{"name":"thread","value":"2903-MainThread"},{"name":"framework","value":"pytest"},{"name":"language","value":"cpython3"},{"name":"package","value":"test.groups.test_get_groups"},{"name":"resultFormat","value":"allure2"}],"parameters":[],"links":[],"hidden":false,"retry":false,"extra":{"severity":"normal","retries":[],"categories":[{"name":"Product defects","matchedStatuses":[]}],"tags":["listar_grupos"]},"source":"f4856d12ae6c43ae.json","parameterValues":[]}